mode: set
skillsync/tui/internal/ui/backend.go:35.59,39.2 1 1
skillsync/tui/internal/ui/backend.go:41.69,43.2 1 1
skillsync/tui/internal/ui/backend.go:45.77,47.2 1 0
skillsync/tui/internal/ui/backend.go:49.65,51.2 1 1
skillsync/tui/internal/ui/backend.go:53.75,55.2 1 1
skillsync/tui/internal/ui/backend.go:57.68,59.2 1 0
skillsync/tui/internal/ui/backend.go:61.94,64.2 2 1
skillsync/tui/internal/ui/backend.go:66.54,68.2 1 0
skillsync/tui/internal/ui/backend.go:70.61,72.2 1 0
skillsync/tui/internal/ui/backend.go:74.69,76.2 1 0
skillsync/tui/internal/ui/backend.go:78.64,80.2 1 1
skillsync/tui/internal/ui/backend.go:82.92,84.2 1 1
skillsync/tui/internal/ui/backend.go:86.62,88.2 1 1
skillsync/tui/internal/ui/ecosystem.go:31.39,32.24 1 0
skillsync/tui/internal/ui/ecosystem.go:32.24,35.3 1 0
skillsync/tui/internal/ui/ecosystem.go:44.65,45.24 1 1
skillsync/tui/internal/ui/ecosystem.go:45.24,49.25 2 1
skillsync/tui/internal/ui/ecosystem.go:50.12,53.43 2 0
skillsync/tui/internal/ui/ecosystem.go:53.43,54.10 1 0
skillsync/tui/internal/ui/ecosystem.go:54.10,56.6 1 0
skillsync/tui/internal/ui/ecosystem.go:58.4,58.80 1 0
skillsync/tui/internal/ui/ecosystem.go:60.12,63.46 2 0
skillsync/tui/internal/ui/ecosystem.go:63.46,64.16 1 0
skillsync/tui/internal/ui/ecosystem.go:64.16,66.49 2 0
skillsync/tui/internal/ui/ecosystem.go:66.49,68.7 1 0
skillsync/tui/internal/ui/ecosystem.go:71.4,71.96 1 0
skillsync/tui/internal/ui/ecosystem.go:73.12,75.52 1 1
skillsync/tui/internal/ui/ecosystem.go:75.52,76.43 1 1
skillsync/tui/internal/ui/ecosystem.go:76.43,79.20 3 1
skillsync/tui/internal/ui/ecosystem.go:79.20,81.15 1 0
skillsync/tui/internal/ui/ecosystem.go:85.6,85.60 1 1
skillsync/tui/internal/ui/ecosystem.go:85.60,87.15 1 1
skillsync/tui/internal/ui/ecosystem.go:90.6,91.55 2 1
skillsync/tui/internal/ui/ecosystem.go:91.55,92.15 1 0
skillsync/tui/internal/ui/ecosystem.go:94.6,94.100 1 1
skillsync/tui/internal/ui/ecosystem.go:94.100,95.15 1 0
skillsync/tui/internal/ui/ecosystem.go:99.4,99.87 1 1
skillsync/tui/internal/ui/ecosystem.go:101.12,105.25 3 1
skillsync/tui/internal/ui/ecosystem.go:105.25,108.5 2 1
skillsync/tui/internal/ui/ecosystem.go:110.4,110.31 1 1
skillsync/tui/internal/ui/ecosystem.go:110.31,112.5 1 1
skillsync/tui/internal/ui/ecosystem.go:113.4,113.31 1 1
skillsync/tui/internal/ui/ecosystem.go:113.31,115.5 1 0
skillsync/tui/internal/ui/ecosystem.go:116.4,116.31 1 1
skillsync/tui/internal/ui/ecosystem.go:116.31,118.5 1 1
skillsync/tui/internal/ui/ecosystem.go:119.4,119.31 1 1
skillsync/tui/internal/ui/ecosystem.go:119.31,122.5 2 0
skillsync/tui/internal/ui/ecosystem.go:123.4,123.31 1 1
skillsync/tui/internal/ui/ecosystem.go:123.31,127.5 3 1
skillsync/tui/internal/ui/ecosystem.go:129.4,129.25 1 1
skillsync/tui/internal/ui/ecosystem.go:129.25,132.5 1 1
skillsync/tui/internal/ui/ecosystem.go:134.4,134.31 1 1
skillsync/tui/internal/ui/ecosystem.go:134.31,137.5 2 1
skillsync/tui/internal/ui/ecosystem.go:139.4,139.78 1 1
skillsync/tui/internal/ui/ecosystem.go:141.12,142.41 1 0
skillsync/tui/internal/ui/ecosystem.go:145.3,145.13 1 0
skillsync/tui/internal/ui/ecosystem.go:149.75,150.24 1 1
skillsync/tui/internal/ui/ecosystem.go:150.24,153.29 2 1
skillsync/tui/internal/ui/ecosystem.go:153.29,154.47 1 1
skillsync/tui/internal/ui/ecosystem.go:154.47,156.5 1 0
skillsync/tui/internal/ui/ecosystem.go:159.3,159.42 1 1
skillsync/tui/internal/ui/ecosystem.go:159.42,161.4 1 0
skillsync/tui/internal/ui/ecosystem.go:164.3,164.49 1 1
skillsync/tui/internal/ui/ecosystem.go:164.49,165.50 1 1
skillsync/tui/internal/ui/ecosystem.go:165.50,167.5 1 0
skillsync/tui/internal/ui/ecosystem.go:168.4,168.54 1 1
skillsync/tui/internal/ui/ecosystem.go:168.54,170.5 1 0
skillsync/tui/internal/ui/ecosystem.go:173.3,173.15 1 1
skillsync/tui/internal/ui/ecosystem.go:173.15,175.4 1 1
skillsync/tui/internal/ui/ecosystem.go:177.3,177.32 1 1
skillsync/tui/internal/ui/ecosystem.go:185.33,196.30 3 1
skillsync/tui/internal/ui/ecosystem.go:196.30,197.58 1 1
skillsync/tui/internal/ui/ecosystem.go:197.58,199.4 1 1
skillsync/tui/internal/ui/ecosystem.go:201.2,201.15 1 1
skillsync/tui/internal/ui/ecosystem.go:204.35,206.2 1 1
skillsync/tui/internal/ui/ecosystem.go:208.42,209.26 1 1
skillsync/tui/internal/ui/ecosystem.go:209.26,210.48 1 1
skillsync/tui/internal/ui/ecosystem.go:210.48,212.4 1 0
skillsync/tui/internal/ui/ecosystem.go:215.2,217.25 3 1
skillsync/tui/internal/ui/ecosystem.go:217.25,220.3 1 1
skillsync/tui/internal/ui/ecosystem.go:222.2,222.37 1 1
skillsync/tui/internal/ui/ecosystem.go:222.37,224.52 2 1
skillsync/tui/internal/ui/ecosystem.go:224.52,226.4 1 0
skillsync/tui/internal/ui/ecosystem.go:228.3,228.109 1 1
skillsync/tui/internal/ui/ecosystem.go:228.109,229.18 1 1
skillsync/tui/internal/ui/ecosystem.go:229.18,231.5 1 0
skillsync/tui/internal/ui/ecosystem.go:233.4,234.18 2 1
skillsync/tui/internal/ui/ecosystem.go:234.18,236.5 1 0
skillsync/tui/internal/ui/ecosystem.go:238.4,240.17 2 1
skillsync/tui/internal/ui/ecosystem.go:240.17,242.5 1 1
skillsync/tui/internal/ui/ecosystem.go:244.4,245.18 2 1
skillsync/tui/internal/ui/ecosystem.go:245.18,247.5 1 0
skillsync/tui/internal/ui/ecosystem.go:249.4,249.35 1 1
skillsync/tui/internal/ui/ecosystem.go:249.35,251.5 1 1
skillsync/tui/internal/ui/ecosystem.go:253.4,253.47 1 1
skillsync/tui/internal/ui/ecosystem.go:254.18,256.4 1 0
skillsync/tui/internal/ui/ecosystem.go:258.2,258.12 1 1
skillsync/tui/internal/ui/ecosystem.go:261.35,263.50 2 1
skillsync/tui/internal/ui/ecosystem.go:263.50,265.3 1 0
skillsync/tui/internal/ui/ecosystem.go:266.2,269.16 3 1
skillsync/tui/internal/ui/ecosystem.go:269.16,271.3 1 0
skillsync/tui/internal/ui/ecosystem.go:272.2,275.16 3 1
skillsync/tui/internal/ui/ecosystem.go:275.16,277.3 1 1
skillsync/tui/internal/ui/ecosystem.go:279.2,279.37 1 1
skillsync/tui/internal/ui/ecosystem.go:279.37,281.3 1 1
skillsync/tui/internal/ui/ecosystem.go:283.2,284.37 2 1
skillsync/tui/internal/ui/ecosystem.go:284.37,286.3 1 0
skillsync/tui/internal/ui/ecosystem.go:288.2,288.48 1 1
skillsync/tui/internal/ui/ecosystem.go:291.29,293.55 2 1
skillsync/tui/internal/ui/ecosystem.go:293.55,296.3 2 1
skillsync/tui/internal/ui/ecosystem.go:297.2,297.12 1 1
skillsync/tui/internal/ui/ecosystem.go:303.36,305.72 1 1
skillsync/tui/internal/ui/ecosystem.go:305.73,307.3 0 0
skillsync/tui/internal/ui/ecosystem.go:310.2,311.16 2 1
skillsync/tui/internal/ui/ecosystem.go:311.16,313.3 1 0
skillsync/tui/internal/ui/ecosystem.go:316.2,319.72 3 1
skillsync/tui/internal/ui/ecosystem.go:319.72,321.3 1 1
skillsync/tui/internal/ui/ecosystem.go:323.2,324.12 2 1
skillsync/tui/internal/ui/ecosystem.go:328.63,331.88 3 1
skillsync/tui/internal/ui/ecosystem.go:331.88,332.17 1 1
skillsync/tui/internal/ui/ecosystem.go:332.17,334.4 1 1
skillsync/tui/internal/ui/ecosystem.go:335.3,336.17 2 1
skillsync/tui/internal/ui/ecosystem.go:336.17,338.4 1 0
skillsync/tui/internal/ui/ecosystem.go:339.3,339.19 1 1
skillsync/tui/internal/ui/ecosystem.go:339.19,341.48 2 1
skillsync/tui/internal/ui/ecosystem.go:341.48,344.5 2 1
skillsync/tui/internal/ui/ecosystem.go:346.3,346.13 1 1
skillsync/tui/internal/ui/ecosystem.go:348.2,348.39 1 1
skillsync/tui/internal/ui/ecosystem.go:348.39,350.3 1 0
skillsync/tui/internal/ui/ecosystem.go:352.2,353.31 2 1
skillsync/tui/internal/ui/ecosystem.go:353.31,355.17 2 1
skillsync/tui/internal/ui/ecosystem.go:355.17,356.12 1 0
skillsync/tui/internal/ui/ecosystem.go:358.3,358.34 1 1
skillsync/tui/internal/ui/ecosystem.go:360.2,360.20 1 1
skillsync/tui/internal/ui/ecosystem.go:364.52,366.2 1 1
skillsync/tui/internal/ui/ecosystem.go:369.43,377.2 1 1
skillsync/tui/internal/ui/ecosystem.go:381.40,387.16 3 1
skillsync/tui/internal/ui/ecosystem.go:387.16,389.3 1 0
skillsync/tui/internal/ui/ecosystem.go:392.2,396.12 4 1
skillsync/tui/internal/ui/model.go:23.107,25.2 1 0
skillsync/tui/internal/ui/model.go:103.37,105.2 1 0
skillsync/tui/internal/ui/model.go:106.43,108.2 1 0
skillsync/tui/internal/ui/model.go:109.43,109.81 1 0
skillsync/tui/internal/ui/model.go:115.37,115.62 1 1
skillsync/tui/internal/ui/model.go:116.43,117.35 1 1
skillsync/tui/internal/ui/model.go:117.35,119.3 1 1
skillsync/tui/internal/ui/model.go:120.2,120.89 1 1
skillsync/tui/internal/ui/model.go:122.43,122.68 1 0
skillsync/tui/internal/ui/model.go:124.30,125.36 1 1
skillsync/tui/internal/ui/model.go:125.36,127.3 1 1
skillsync/tui/internal/ui/model.go:129.2,133.35 4 1
skillsync/tui/internal/ui/model.go:133.35,134.18 1 1
skillsync/tui/internal/ui/model.go:135.76,137.9 2 1
skillsync/tui/internal/ui/model.go:139.3,139.17 1 1
skillsync/tui/internal/ui/model.go:139.17,140.9 1 1
skillsync/tui/internal/ui/model.go:144.2,144.16 1 1
skillsync/tui/internal/ui/model.go:144.16,146.3 1 1
skillsync/tui/internal/ui/model.go:147.2,147.49 1 1
skillsync/tui/internal/ui/model.go:149.36,149.75 1 1
skillsync/tui/internal/ui/model.go:150.36,150.59 1 1
skillsync/tui/internal/ui/model.go:152.41,183.2 11 1
skillsync/tui/internal/ui/model.go:185.46,186.18 1 1
skillsync/tui/internal/ui/model.go:187.18,192.4 1 1
skillsync/tui/internal/ui/model.go:193.18,200.4 1 1
skillsync/tui/internal/ui/model.go:201.20,206.4 1 1
skillsync/tui/internal/ui/model.go:207.25,212.4 1 1
skillsync/tui/internal/ui/model.go:213.23,219.4 1 0
skillsync/tui/internal/ui/model.go:220.21,225.4 1 1
skillsync/tui/internal/ui/model.go:226.22,230.4 1 1
skillsync/tui/internal/ui/model.go:231.10,234.4 1 0
skillsync/tui/internal/ui/model.go:238.31,240.2 1 1
skillsync/tui/internal/ui/model.go:242.38,244.28 2 0
skillsync/tui/internal/ui/model.go:244.28,246.3 1 0
skillsync/tui/internal/ui/model.go:247.2,247.39 1 0
skillsync/tui/internal/ui/model.go:250.63,251.23 1 1
skillsync/tui/internal/ui/model.go:251.23,253.3 1 0
skillsync/tui/internal/ui/model.go:254.2,254.35 1 1
skillsync/tui/internal/ui/model.go:257.33,258.47 1 1
skillsync/tui/internal/ui/model.go:258.47,263.17 4 1
skillsync/tui/internal/ui/model.go:263.17,265.4 1 1
skillsync/tui/internal/ui/model.go:266.3,267.18 2 1
skillsync/tui/internal/ui/model.go:267.18,269.4 1 1
skillsync/tui/internal/ui/model.go:271.3,275.23 3 1
skillsync/tui/internal/ui/model.go:275.23,277.4 1 1
skillsync/tui/internal/ui/model.go:279.3,283.24 3 1
skillsync/tui/internal/ui/model.go:283.24,285.4 1 1
skillsync/tui/internal/ui/model.go:288.3,291.17 3 1
skillsync/tui/internal/ui/model.go:291.17,293.4 1 1
skillsync/tui/internal/ui/model.go:294.3,294.33 1 1
skillsync/tui/internal/ui/model.go:298.56,299.16 1 1
skillsync/tui/internal/ui/model.go:299.16,301.3 1 1
skillsync/tui/internal/ui/model.go:302.2,306.16 2 1
skillsync/tui/internal/ui/model.go:306.16,308.3 1 0
skillsync/tui/internal/ui/model.go:309.2,310.12 2 1
skillsync/tui/internal/ui/run.go:11.18,15.35 4 0
skillsync/tui/internal/ui/run.go:15.35,17.3 1 0
skillsync/tui/internal/ui/run.go:18.2,18.12 1 0
skillsync/tui/internal/ui/update.go:37.37,38.24 1 1
skillsync/tui/internal/ui/update.go:38.24,40.17 2 1
skillsync/tui/internal/ui/update.go:40.17,42.4 1 0
skillsync/tui/internal/ui/update.go:44.3,45.27 2 1
skillsync/tui/internal/ui/update.go:45.27,47.18 2 1
skillsync/tui/internal/ui/update.go:47.18,49.5 1 1
skillsync/tui/internal/ui/update.go:53.3,54.48 2 1
skillsync/tui/internal/ui/update.go:54.48,56.18 2 1
skillsync/tui/internal/ui/update.go:56.18,65.5 2 1
skillsync/tui/internal/ui/update.go:68.3,68.33 1 1
skillsync/tui/internal/ui/update.go:72.57,75.27 2 1
skillsync/tui/internal/ui/update.go:76.20,77.21 1 1
skillsync/tui/internal/ui/update.go:77.21,79.4 1 0
skillsync/tui/internal/ui/update.go:79.9,81.4 1 1
skillsync/tui/internal/ui/update.go:82.3,82.16 1 1
skillsync/tui/internal/ui/update.go:83.23,86.25 3 1
skillsync/tui/internal/ui/update.go:86.25,88.21 1 1
skillsync/tui/internal/ui/update.go:88.21,91.5 2 1
skillsync/tui/internal/ui/update.go:93.3,95.16 3 1
skillsync/tui/internal/ui/update.go:97.25,109.36 9 1
skillsync/tui/internal/ui/update.go:109.36,112.4 2 0
skillsync/tui/internal/ui/update.go:114.3,120.16 4 1
skillsync/tui/internal/ui/update.go:122.18,123.31 1 1
skillsync/tui/internal/ui/update.go:125.25,128.24 3 1
skillsync/tui/internal/ui/update.go:128.24,130.4 1 1
skillsync/tui/internal/ui/update.go:130.9,137.4 4 0
skillsync/tui/internal/ui/update.go:138.3,138.16 1 1
skillsync/tui/internal/ui/update.go:140.28,143.62 3 0
skillsync/tui/internal/ui/update.go:145.25,148.16 3 0
skillsync/tui/internal/ui/update.go:150.28,151.21 1 1
skillsync/tui/internal/ui/update.go:151.21,156.4 4 1
skillsync/tui/internal/ui/update.go:157.3,159.27 3 1
skillsync/tui/internal/ui/update.go:161.29,164.25 3 0
skillsync/tui/internal/ui/update.go:164.25,166.4 1 0
skillsync/tui/internal/ui/update.go:167.3,168.34 2 0
skillsync/tui/internal/ui/update.go:168.34,170.4 1 0
skillsync/tui/internal/ui/update.go:171.3,171.16 1 0
skillsync/tui/internal/ui/update.go:173.25,175.25 2 1
skillsync/tui/internal/ui/update.go:175.25,177.4 1 1
skillsync/tui/internal/ui/update.go:178.3,179.16 2 1
skillsync/tui/internal/ui/update.go:181.17,182.29 1 1
skillsync/tui/internal/ui/update.go:182.29,185.4 2 1
skillsync/tui/internal/ui/update.go:186.3,187.16 2 0
skillsync/tui/internal/ui/update.go:189.16,191.16 2 0
skillsync/tui/internal/ui/update.go:193.21,197.21 4 1
skillsync/tui/internal/ui/update.go:197.21,199.4 1 1
skillsync/tui/internal/ui/update.go:200.3,200.16 1 1
skillsync/tui/internal/ui/update.go:202.23,203.21 1 0
skillsync/tui/internal/ui/update.go:203.21,205.4 1 0
skillsync/tui/internal/ui/update.go:205.9,207.4 1 0
skillsync/tui/internal/ui/update.go:208.3,208.16 1 0
skillsync/tui/internal/ui/update.go:211.2,211.37 1 0
skillsync/tui/internal/ui/update.go:214.68,217.21 2 1
skillsync/tui/internal/ui/update.go:217.21,219.3 1 0
skillsync/tui/internal/ui/update.go:221.2,221.18 1 1
skillsync/tui/internal/ui/update.go:222.18,223.31 1 1
skillsync/tui/internal/ui/update.go:224.18,225.31 1 1
skillsync/tui/internal/ui/update.go:226.20,227.33 1 1
skillsync/tui/internal/ui/update.go:228.21,229.34 1 1
skillsync/tui/internal/ui/update.go:230.25,231.38 1 1
skillsync/tui/internal/ui/update.go:232.23,233.36 1 1
skillsync/tui/internal/ui/update.go:234.21,235.34 1 1
skillsync/tui/internal/ui/update.go:236.22,237.35 1 1
skillsync/tui/internal/ui/update.go:240.2,240.15 1 0
skillsync/tui/internal/ui/update.go:243.68,244.22 1 1
skillsync/tui/internal/ui/update.go:245.17,246.23 1 0
skillsync/tui/internal/ui/update.go:246.23,248.4 1 0
skillsync/tui/internal/ui/update.go:249.19,250.23 1 0
skillsync/tui/internal/ui/update.go:250.23,252.4 1 0
skillsync/tui/internal/ui/update.go:253.20,254.24 1 1
skillsync/tui/internal/ui/update.go:254.24,258.4 3 0
skillsync/tui/internal/ui/update.go:258.9,258.31 1 1
skillsync/tui/internal/ui/update.go:258.31,261.4 2 0
skillsync/tui/internal/ui/update.go:261.9,261.31 1 1
skillsync/tui/internal/ui/update.go:261.31,264.4 2 0
skillsync/tui/internal/ui/update.go:264.9,264.31 1 1
skillsync/tui/internal/ui/update.go:264.31,267.4 2 1
skillsync/tui/internal/ui/update.go:267.9,267.31 1 1
skillsync/tui/internal/ui/update.go:267.31,270.4 2 1
skillsync/tui/internal/ui/update.go:271.11,275.16 4 0
skillsync/tui/internal/ui/update.go:276.11,279.27 3 0
skillsync/tui/internal/ui/update.go:280.11,283.36 3 1
skillsync/tui/internal/ui/update.go:284.11,287.32 3 1
skillsync/tui/internal/ui/update.go:288.11,291.32 3 0
skillsync/tui/internal/ui/update.go:292.18,293.21 1 0
skillsync/tui/internal/ui/update.go:295.2,295.15 1 0
skillsync/tui/internal/ui/update.go:298.42,299.24 1 1
skillsync/tui/internal/ui/update.go:299.24,302.3 2 0
skillsync/tui/internal/ui/update.go:305.68,306.21 1 1
skillsync/tui/internal/ui/update.go:306.21,307.23 1 1
skillsync/tui/internal/ui/update.go:308.21,311.17 3 1
skillsync/tui/internal/ui/update.go:314.3,317.16 4 1
skillsync/tui/internal/ui/update.go:320.2,320.22 1 1
skillsync/tui/internal/ui/update.go:321.13,323.34 2 1
skillsync/tui/internal/ui/update.go:324.20,325.48 1 1
skillsync/tui/internal/ui/update.go:325.48,333.4 7 1
skillsync/tui/internal/ui/update.go:334.11,335.48 1 1
skillsync/tui/internal/ui/update.go:335.48,341.4 5 1
skillsync/tui/internal/ui/update.go:342.11,346.26 4 1
skillsync/tui/internal/ui/update.go:347.11,348.33 1 1
skillsync/tui/internal/ui/update.go:349.13,352.16 3 0
skillsync/tui/internal/ui/update.go:353.24,356.16 3 1
skillsync/tui/internal/ui/update.go:359.2,362.47 3 1
skillsync/tui/internal/ui/update.go:362.47,363.37 1 1
skillsync/tui/internal/ui/update.go:363.37,365.4 1 1
skillsync/tui/internal/ui/update.go:368.2,368.15 1 1
skillsync/tui/internal/ui/update.go:371.70,374.22 2 1
skillsync/tui/internal/ui/update.go:375.13,377.16 2 1
skillsync/tui/internal/ui/update.go:378.16,379.17 1 1
skillsync/tui/internal/ui/update.go:379.17,381.4 1 1
skillsync/tui/internal/ui/update.go:384.3,387.26 4 1
skillsync/tui/internal/ui/update.go:388.13,389.28 1 1
skillsync/tui/internal/ui/update.go:389.28,392.4 2 1
skillsync/tui/internal/ui/update.go:392.9,392.35 1 1
skillsync/tui/internal/ui/update.go:392.35,395.4 2 1
skillsync/tui/internal/ui/update.go:395.9,398.4 2 0
skillsync/tui/internal/ui/update.go:399.3,399.16 1 1
skillsync/tui/internal/ui/update.go:400.15,401.28 1 1
skillsync/tui/internal/ui/update.go:401.28,403.9 1 1
skillsync/tui/internal/ui/update.go:406.3,406.16 1 0
skillsync/tui/internal/ui/update.go:409.2,409.16 1 1
skillsync/tui/internal/ui/update.go:409.16,411.3 1 0
skillsync/tui/internal/ui/update.go:413.2,414.26 2 1
skillsync/tui/internal/ui/update.go:414.26,415.28 1 1
skillsync/tui/internal/ui/update.go:415.28,417.9 2 1
skillsync/tui/internal/ui/update.go:420.2,420.15 1 1
skillsync/tui/internal/ui/update.go:423.71,424.27 1 1
skillsync/tui/internal/ui/update.go:424.27,425.19 1 1
skillsync/tui/internal/ui/update.go:425.19,428.4 2 1
skillsync/tui/internal/ui/update.go:429.3,430.16 2 1
skillsync/tui/internal/ui/update.go:432.2,432.15 1 0
skillsync/tui/internal/ui/update.go:435.75,436.22 1 1
skillsync/tui/internal/ui/update.go:437.13,439.16 2 1
skillsync/tui/internal/ui/update.go:440.11,441.24 1 1
skillsync/tui/internal/ui/update.go:441.24,446.4 4 1
skillsync/tui/internal/ui/update.go:449.2,451.15 3 0
skillsync/tui/internal/ui/update.go:454.73,455.22 1 1
skillsync/tui/internal/ui/update.go:456.18,458.16 2 0
skillsync/tui/internal/ui/update.go:459.17,460.28 1 0
skillsync/tui/internal/ui/update.go:460.28,462.4 1 0
skillsync/tui/internal/ui/update.go:463.19,464.48 1 0
skillsync/tui/internal/ui/update.go:464.48,466.4 1 0
skillsync/tui/internal/ui/update.go:467.16,468.37 1 1
skillsync/tui/internal/ui/update.go:469.24,471.54 2 0
skillsync/tui/internal/ui/update.go:471.54,473.4 1 0
skillsync/tui/internal/ui/update.go:473.9,473.61 1 0
skillsync/tui/internal/ui/update.go:473.61,475.4 1 0
skillsync/tui/internal/ui/update.go:475.9,475.75 1 0
skillsync/tui/internal/ui/update.go:475.75,477.42 2 0
skillsync/tui/internal/ui/update.go:477.42,479.5 1 0
skillsync/tui/internal/ui/update.go:480.9,480.50 1 0
skillsync/tui/internal/ui/update.go:480.50,482.4 1 0
skillsync/tui/internal/ui/update.go:482.9,482.77 1 0
skillsync/tui/internal/ui/update.go:482.77,489.4 5 0
skillsync/tui/internal/ui/update.go:491.2,491.15 1 1
skillsync/tui/internal/ui/update.go:494.72,496.18 2 0
skillsync/tui/internal/ui/update.go:497.18,498.35 1 0
skillsync/tui/internal/ui/update.go:499.20,500.27 1 0
skillsync/tui/internal/ui/update.go:500.27,502.4 1 0
skillsync/tui/internal/ui/update.go:503.25,504.43 1 0
skillsync/tui/internal/ui/update.go:505.21,506.49 1 0
skillsync/tui/internal/ui/update.go:507.22,508.49 1 0
skillsync/tui/internal/ui/update.go:510.2,510.15 1 0
skillsync/tui/internal/ui/update.go:513.72,514.22 1 1
skillsync/tui/internal/ui/update.go:515.18,518.16 3 1
skillsync/tui/internal/ui/update.go:519.11,521.32 2 1
skillsync/tui/internal/ui/update.go:524.2,526.15 3 0
skillsync/tui/internal/ui/update.go:529.42,530.24 1 1
skillsync/tui/internal/ui/update.go:530.24,533.48 2 0
skillsync/tui/internal/ui/update.go:533.48,535.4 1 0
skillsync/tui/internal/ui/update.go:536.3,536.59 1 0
skillsync/tui/internal/ui/update.go:536.59,538.4 1 0
skillsync/tui/internal/ui/update.go:541.3,542.17 2 0
skillsync/tui/internal/ui/update.go:542.17,544.4 1 0
skillsync/tui/internal/ui/update.go:547.3,547.27 1 0
skillsync/tui/internal/ui/update.go:547.27,549.4 1 0
skillsync/tui/internal/ui/update.go:552.3,552.31 1 0
skillsync/tui/internal/ui/update.go:556.31,569.23 5 1
skillsync/tui/internal/ui/update.go:569.23,571.3 1 1
skillsync/tui/internal/ui/update.go:573.2,579.23 7 1
skillsync/tui/internal/ui/update.go:579.23,581.3 1 1
skillsync/tui/internal/ui/update.go:582.2,582.17 1 1
skillsync/tui/internal/ui/update.go:582.17,584.3 1 1
skillsync/tui/internal/ui/update.go:585.2,593.23 8 1
skillsync/tui/internal/ui/update.go:593.23,595.3 1 1
skillsync/tui/internal/ui/update.go:596.2,604.23 8 1
skillsync/tui/internal/ui/update.go:604.23,606.3 1 1
skillsync/tui/internal/ui/update.go:607.2,607.17 1 1
skillsync/tui/internal/ui/update.go:610.36,611.24 1 1
skillsync/tui/internal/ui/update.go:611.24,622.3 5 1
skillsync/tui/internal/ui/update.go:625.36,626.23 1 1
skillsync/tui/internal/ui/update.go:626.23,628.3 1 0
skillsync/tui/internal/ui/update.go:629.2,633.24 4 1
skillsync/tui/internal/ui/update.go:633.24,636.3 2 0
skillsync/tui/internal/ui/update.go:639.46,640.24 1 1
skillsync/tui/internal/ui/update.go:640.24,643.3 2 0
skillsync/tui/internal/ui/update.go:646.42,647.24 1 1
skillsync/tui/internal/ui/update.go:647.24,650.3 2 1
skillsync/tui/internal/ui/update.go:653.43,655.19 2 1
skillsync/tui/internal/ui/update.go:655.19,656.48 1 1
skillsync/tui/internal/ui/update.go:656.48,658.4 1 1
skillsync/tui/internal/ui/update.go:661.2,661.19 1 1
skillsync/tui/internal/ui/update.go:661.19,663.3 1 0
skillsync/tui/internal/ui/update.go:666.2,678.24 4 1
skillsync/tui/internal/ui/update.go:678.24,681.3 2 0
skillsync/tui/internal/ui/update.go:684.71,685.22 1 1
skillsync/tui/internal/ui/update.go:686.13,689.16 3 1
skillsync/tui/internal/ui/update.go:690.11,691.64 1 1
skillsync/tui/internal/ui/update.go:691.64,696.4 4 1
skillsync/tui/internal/ui/update.go:699.2,701.15 3 0
skillsync/tui/internal/ui/update.go:704.81,705.24 1 1
skillsync/tui/internal/ui/update.go:705.24,708.17 2 1
skillsync/tui/internal/ui/update.go:708.17,713.4 1 0
skillsync/tui/internal/ui/update.go:717.3,718.17 2 1
skillsync/tui/internal/ui/update.go:718.17,723.4 1 1
skillsync/tui/internal/ui/update.go:726.3,726.23 1 1
skillsync/tui/internal/ui/update.go:726.23,728.4 1 1
skillsync/tui/internal/ui/update.go:731.3,732.53 2 1
skillsync/tui/internal/ui/update.go:732.53,737.4 1 0
skillsync/tui/internal/ui/update.go:739.3,740.72 2 1
skillsync/tui/internal/ui/update.go:740.72,745.4 1 0
skillsync/tui/internal/ui/update.go:748.3,748.25 1 1
skillsync/tui/internal/ui/update.go:752.44,753.17 1 1
skillsync/tui/internal/ui/update.go:753.17,756.3 2 1
skillsync/tui/internal/ui/update.go:757.2,759.33 3 1
skillsync/tui/internal/ui/update.go:759.33,760.31 1 1
skillsync/tui/internal/ui/update.go:760.31,761.63 1 1
skillsync/tui/internal/ui/update.go:761.63,763.5 1 1
skillsync/tui/internal/ui/update.go:766.2,766.27 1 1
skillsync/tui/internal/ui/view.go:9.30,11.18 1 1
skillsync/tui/internal/ui/view.go:11.18,15.3 1 0
skillsync/tui/internal/ui/view.go:17.2,19.18 2 1
skillsync/tui/internal/ui/view.go:21.18,23.25 1 1
skillsync/tui/internal/ui/view.go:25.18,27.26 1 1
skillsync/tui/internal/ui/view.go:29.20,31.27 1 1
skillsync/tui/internal/ui/view.go:33.21,35.28 1 1
skillsync/tui/internal/ui/view.go:37.25,39.28 1 1
skillsync/tui/internal/ui/view.go:41.23,43.35 1 0
skillsync/tui/internal/ui/view.go:45.21,47.28 1 0
skillsync/tui/internal/ui/view.go:49.22,51.29 1 1
skillsync/tui/internal/ui/view.go:55.2,55.31 1 1
skillsync/tui/internal/ui/view.go:55.31,57.3 1 1
skillsync/tui/internal/ui/view.go:59.2,59.42 1 1
skillsync/tui/internal/ui/view.go:62.38,68.29 3 1
skillsync/tui/internal/ui/view.go:68.29,72.26 2 1
skillsync/tui/internal/ui/view.go:72.26,76.4 1 1
skillsync/tui/internal/ui/view.go:80.2,80.35 1 1
skillsync/tui/internal/ui/view.go:84.34,98.27 4 1
skillsync/tui/internal/ui/view.go:98.27,102.24 2 1
skillsync/tui/internal/ui/view.go:102.24,106.4 1 1
skillsync/tui/internal/ui/view.go:108.3,108.45 1 1
skillsync/tui/internal/ui/view.go:112.2,112.23 1 1
skillsync/tui/internal/ui/view.go:112.23,116.3 1 0
skillsync/tui/internal/ui/view.go:118.2,118.30 1 1
skillsync/tui/internal/ui/view.go:122.35,127.21 4 1
skillsync/tui/internal/ui/view.go:127.21,129.3 1 0
skillsync/tui/internal/ui/view.go:129.8,131.3 1 1
skillsync/tui/internal/ui/view.go:133.2,140.59 5 1
skillsync/tui/internal/ui/view.go:143.36,145.23 1 1
skillsync/tui/internal/ui/view.go:145.23,149.3 1 0
skillsync/tui/internal/ui/view.go:151.2,157.26 4 1
skillsync/tui/internal/ui/view.go:157.26,163.28 3 1
skillsync/tui/internal/ui/view.go:163.28,167.4 1 1
skillsync/tui/internal/ui/view.go:169.3,171.75 2 1
skillsync/tui/internal/ui/view.go:175.2,175.10 1 1
skillsync/tui/internal/ui/view.go:179.37,181.22 2 1
skillsync/tui/internal/ui/view.go:182.37,183.34 1 1
skillsync/tui/internal/ui/view.go:184.21,185.36 1 1
skillsync/tui/internal/ui/view.go:186.10,187.41 1 1
skillsync/tui/internal/ui/view.go:189.2,192.18 3 1
skillsync/tui/internal/ui/view.go:192.18,194.3 1 1
skillsync/tui/internal/ui/view.go:196.2,197.20 2 1
skillsync/tui/internal/ui/view.go:197.20,198.26 1 1
skillsync/tui/internal/ui/view.go:198.26,201.48 3 1
skillsync/tui/internal/ui/view.go:201.48,203.5 1 1
skillsync/tui/internal/ui/view.go:204.9,204.26 1 1
skillsync/tui/internal/ui/view.go:204.26,208.4 3 1
skillsync/tui/internal/ui/view.go:211.2,216.36 4 1
skillsync/tui/internal/ui/view.go:216.36,218.3 1 1
skillsync/tui/internal/ui/view.go:218.8,220.3 1 1
skillsync/tui/internal/ui/view.go:222.2,222.10 1 1
skillsync/tui/internal/ui/view.go:225.37,227.23 1 1
skillsync/tui/internal/ui/view.go:227.23,231.3 1 0
skillsync/tui/internal/ui/view.go:233.2,235.44 2 1
skillsync/tui/internal/ui/view.go:239.44,244.19 3 0
skillsync/tui/internal/ui/view.go:244.19,246.3 1 0
skillsync/tui/internal/ui/view.go:246.8,248.3 1 0
skillsync/tui/internal/ui/view.go:250.2,253.59 3 0
skillsync/tui/internal/ui/view.go:256.68,264.2 2 1
skillsync/tui/internal/ui/view.go:266.46,276.21 7 1
skillsync/tui/internal/ui/view.go:276.21,279.3 2 1
skillsync/tui/internal/ui/view.go:280.2,286.30 5 1
skillsync/tui/internal/ui/view.go:286.30,288.29 2 1
skillsync/tui/internal/ui/view.go:288.29,290.4 1 1
skillsync/tui/internal/ui/view.go:291.3,292.30 2 1
skillsync/tui/internal/ui/view.go:292.30,294.4 1 1
skillsync/tui/internal/ui/view.go:295.3,298.39 2 1
skillsync/tui/internal/ui/view.go:298.39,300.4 1 0
skillsync/tui/internal/ui/view.go:302.2,307.28 4 1
skillsync/tui/internal/ui/view.go:307.28,309.31 2 1
skillsync/tui/internal/ui/view.go:309.31,311.4 1 0
skillsync/tui/internal/ui/view.go:312.3,313.27 2 1
skillsync/tui/internal/ui/view.go:313.27,315.4 1 1
skillsync/tui/internal/ui/view.go:316.3,316.60 1 1
skillsync/tui/internal/ui/view.go:318.2,322.36 3 1
skillsync/tui/internal/ui/view.go:322.36,324.31 2 0
skillsync/tui/internal/ui/view.go:324.31,326.4 1 0
skillsync/tui/internal/ui/view.go:327.3,328.69 2 0
skillsync/tui/internal/ui/view.go:328.69,330.4 1 0
skillsync/tui/internal/ui/view.go:331.3,331.80 1 0
skillsync/tui/internal/ui/view.go:333.2,340.42 5 1
skillsync/tui/internal/ui/view.go:340.42,342.3 1 0
skillsync/tui/internal/ui/view.go:343.2,344.23 2 1
skillsync/tui/internal/ui/view.go:344.23,346.3 1 1
skillsync/tui/internal/ui/view.go:347.2,350.42 3 1
skillsync/tui/internal/ui/view.go:350.42,352.3 1 0
skillsync/tui/internal/ui/view.go:353.2,361.3 2 1
skillsync/tui/internal/ui/view.go:364.46,371.29 4 0
skillsync/tui/internal/ui/view.go:371.29,373.3 1 0
skillsync/tui/internal/ui/view.go:374.2,374.29 1 0
skillsync/tui/internal/ui/view.go:374.29,376.3 1 0
skillsync/tui/internal/ui/view.go:377.2,377.29 1 0
skillsync/tui/internal/ui/view.go:377.29,379.3 1 0
skillsync/tui/internal/ui/view.go:380.2,380.29 1 0
skillsync/tui/internal/ui/view.go:380.29,382.3 1 0
skillsync/tui/internal/ui/view.go:383.2,383.29 1 0
skillsync/tui/internal/ui/view.go:383.29,385.3 1 0
skillsync/tui/internal/ui/view.go:386.2,390.26 3 0
skillsync/tui/internal/ui/view.go:390.26,392.3 1 0
skillsync/tui/internal/ui/view.go:393.2,393.26 1 0
skillsync/tui/internal/ui/view.go:393.26,395.3 1 0
skillsync/tui/internal/ui/view.go:396.2,396.26 1 0
skillsync/tui/internal/ui/view.go:396.26,398.3 1 0
skillsync/tui/internal/ui/view.go:399.2,403.29 3 0
skillsync/tui/internal/ui/view.go:403.29,405.3 1 0
skillsync/tui/internal/ui/view.go:406.2,406.29 1 0
skillsync/tui/internal/ui/view.go:406.29,408.3 1 0
skillsync/tui/internal/ui/view.go:409.2,409.29 1 0
skillsync/tui/internal/ui/view.go:409.29,411.3 1 0
skillsync/tui/internal/ui/view.go:412.2,412.29 1 0
skillsync/tui/internal/ui/view.go:412.29,414.3 1 0
skillsync/tui/internal/ui/view.go:415.2,417.23 2 0
skillsync/tui/internal/ui/view.go:417.23,420.3 2 0
skillsync/tui/internal/ui/view.go:422.2,422.66 1 0
skillsync/tui/internal/ui/view.go:425.37,427.30 2 0
skillsync/tui/internal/ui/view.go:427.30,429.3 1 0
skillsync/tui/internal/ui/view.go:430.2,430.50 1 0
skillsync/tui/internal/ui/view.go:433.38,435.37 2 1
skillsync/tui/internal/ui/view.go:435.37,437.3 1 1
skillsync/tui/internal/ui/view.go:438.2,438.50 1 1
