mode: set
skillsync/tui/internal/syncengine/sync.go:23.70,26.44 2 1
skillsync/tui/internal/syncengine/sync.go:26.44,28.3 1 0
skillsync/tui/internal/syncengine/sync.go:28.8,28.26 1 1
skillsync/tui/internal/syncengine/sync.go:28.26,30.3 1 1
skillsync/tui/internal/syncengine/sync.go:32.2,33.16 2 1
skillsync/tui/internal/syncengine/sync.go:33.16,35.3 1 0
skillsync/tui/internal/syncengine/sync.go:36.2,36.28 1 1
skillsync/tui/internal/syncengine/sync.go:36.28,38.3 1 1
skillsync/tui/internal/syncengine/sync.go:40.2,42.57 3 1
skillsync/tui/internal/syncengine/sync.go:42.57,44.3 1 1
skillsync/tui/internal/syncengine/sync.go:46.2,46.84 1 1
skillsync/tui/internal/syncengine/sync.go:46.84,48.3 1 0
skillsync/tui/internal/syncengine/sync.go:50.2,50.18 1 1
skillsync/tui/internal/syncengine/sync.go:50.18,52.58 2 1
skillsync/tui/internal/syncengine/sync.go:52.58,54.4 1 1
skillsync/tui/internal/syncengine/sync.go:55.3,55.22 1 1
skillsync/tui/internal/syncengine/sync.go:55.22,58.20 3 1
skillsync/tui/internal/syncengine/sync.go:58.20,60.5 1 0
skillsync/tui/internal/syncengine/sync.go:61.4,68.6 1 1
skillsync/tui/internal/syncengine/sync.go:72.2,72.28 1 1
skillsync/tui/internal/syncengine/sync.go:72.28,74.3 1 1
skillsync/tui/internal/syncengine/sync.go:76.2,76.41 1 1
skillsync/tui/internal/syncengine/sync.go:76.41,78.17 2 1
skillsync/tui/internal/syncengine/sync.go:78.17,80.4 1 0
skillsync/tui/internal/syncengine/sync.go:81.3,81.63 1 1
skillsync/tui/internal/syncengine/sync.go:81.63,83.4 1 0
skillsync/tui/internal/syncengine/sync.go:86.2,86.20 1 1
skillsync/tui/internal/syncengine/sync.go:89.57,94.16 4 1
skillsync/tui/internal/syncengine/sync.go:94.16,95.25 1 1
skillsync/tui/internal/syncengine/sync.go:95.25,97.4 1 1
skillsync/tui/internal/syncengine/sync.go:98.3,98.18 1 0
skillsync/tui/internal/syncengine/sync.go:101.2,101.32 1 1
skillsync/tui/internal/syncengine/sync.go:101.32,102.21 1 1
skillsync/tui/internal/syncengine/sync.go:102.21,103.12 1 0
skillsync/tui/internal/syncengine/sync.go:106.3,107.47 2 1
skillsync/tui/internal/syncengine/sync.go:107.47,109.18 2 1
skillsync/tui/internal/syncengine/sync.go:109.18,110.13 1 0
skillsync/tui/internal/syncengine/sync.go:112.4,112.35 1 1
skillsync/tui/internal/syncengine/sync.go:115.2,115.20 1 1
skillsync/tui/internal/syncengine/sync.go:118.80,120.27 2 1
skillsync/tui/internal/syncengine/sync.go:120.27,121.54 1 1
skillsync/tui/internal/syncengine/sync.go:121.54,123.4 1 1
skillsync/tui/internal/syncengine/sync.go:125.2,125.16 1 1
skillsync/tui/internal/syncengine/sync.go:128.95,131.55 2 1
skillsync/tui/internal/syncengine/sync.go:131.55,133.3 1 1
skillsync/tui/internal/syncengine/sync.go:135.2,136.16 2 1
skillsync/tui/internal/syncengine/sync.go:136.16,138.3 1 0
skillsync/tui/internal/syncengine/sync.go:140.2,143.29 4 1
skillsync/tui/internal/syncengine/sync.go:143.29,144.53 1 1
skillsync/tui/internal/syncengine/sync.go:144.53,146.4 1 1
skillsync/tui/internal/syncengine/sync.go:147.3,147.56 1 1
skillsync/tui/internal/syncengine/sync.go:147.56,149.4 1 1
skillsync/tui/internal/syncengine/sync.go:151.2,151.37 1 1
skillsync/tui/internal/syncengine/sync.go:151.37,153.3 1 1
skillsync/tui/internal/syncengine/sync.go:155.2,160.34 5 1
skillsync/tui/internal/syncengine/sync.go:160.34,163.53 2 1
skillsync/tui/internal/syncengine/sync.go:163.53,170.29 6 1
skillsync/tui/internal/syncengine/sync.go:170.29,173.19 3 1
skillsync/tui/internal/syncengine/sync.go:173.19,175.6 1 1
skillsync/tui/internal/syncengine/sync.go:177.5,177.24 1 1
skillsync/tui/internal/syncengine/sync.go:177.24,179.6 1 0
skillsync/tui/internal/syncengine/sync.go:180.5,180.123 1 1
skillsync/tui/internal/syncengine/sync.go:182.4,183.12 2 1
skillsync/tui/internal/syncengine/sync.go:186.3,186.56 1 1
skillsync/tui/internal/syncengine/sync.go:186.56,197.25 10 1
skillsync/tui/internal/syncengine/sync.go:197.25,199.5 1 1
skillsync/tui/internal/syncengine/sync.go:200.4,201.33 2 1
skillsync/tui/internal/syncengine/sync.go:201.33,202.30 1 1
skillsync/tui/internal/syncengine/sync.go:202.30,206.6 3 1
skillsync/tui/internal/syncengine/sync.go:209.4,210.12 2 1
skillsync/tui/internal/syncengine/sync.go:213.3,213.38 1 1
skillsync/tui/internal/syncengine/sync.go:213.38,214.97 1 1
skillsync/tui/internal/syncengine/sync.go:214.97,219.5 4 0
skillsync/tui/internal/syncengine/sync.go:220.4,220.12 1 1
skillsync/tui/internal/syncengine/sync.go:223.3,223.26 1 1
skillsync/tui/internal/syncengine/sync.go:226.2,226.32 1 1
skillsync/tui/internal/syncengine/sync.go:226.32,228.3 1 1
skillsync/tui/internal/syncengine/sync.go:230.2,230.12 1 0
skillsync/tui/internal/parser/parser.go:15.47,17.16 2 1
skillsync/tui/internal/parser/parser.go:17.16,19.3 1 0
skillsync/tui/internal/parser/parser.go:20.2,21.16 2 1
skillsync/tui/internal/parser/parser.go:21.16,23.3 1 0
skillsync/tui/internal/parser/parser.go:24.2,26.18 3 1
skillsync/tui/internal/parser/parser.go:26.18,28.3 1 1
skillsync/tui/internal/parser/parser.go:29.2,29.15 1 1
skillsync/tui/internal/parser/parser.go:33.57,36.20 2 1
skillsync/tui/internal/parser/parser.go:36.20,40.3 1 1
skillsync/tui/internal/parser/parser.go:42.2,58.16 6 1
skillsync/tui/internal/parser/parser.go:58.16,60.3 1 0
skillsync/tui/internal/parser/parser.go:62.2,67.41 4 1
skillsync/tui/internal/parser/parser.go:67.41,69.3 1 1
skillsync/tui/internal/parser/parser.go:69.8,69.39 1 1
skillsync/tui/internal/parser/parser.go:69.39,71.3 1 1
skillsync/tui/internal/parser/parser.go:73.2,73.36 1 1
skillsync/tui/internal/parser/parser.go:73.36,75.3 1 1
skillsync/tui/internal/parser/parser.go:75.8,75.34 1 1
skillsync/tui/internal/parser/parser.go:75.34,77.3 1 1
skillsync/tui/internal/parser/parser.go:79.2,83.8 1 1
skillsync/tui/internal/parser/parser.go:86.33,87.25 1 1
skillsync/tui/internal/parser/parser.go:88.12,89.13 1 1
skillsync/tui/internal/parser/parser.go:90.14,91.37 1 1
skillsync/tui/internal/parser/parser.go:93.2,93.14 1 1
skillsync/tui/internal/parser/parser.go:98.49,100.22 2 1
skillsync/tui/internal/parser/parser.go:100.22,102.17 2 1
skillsync/tui/internal/parser/parser.go:102.17,105.23 3 1
skillsync/tui/internal/parser/parser.go:105.23,107.5 1 1
skillsync/tui/internal/parser/parser.go:111.2,111.19 1 1
skillsync/tui/internal/parser/parser.go:111.19,114.3 1 0
skillsync/tui/internal/parser/parser.go:116.2,118.16 3 1
skillsync/tui/internal/parser/parser.go:118.16,120.3 1 0
skillsync/tui/internal/parser/parser.go:123.2,123.61 1 1
skillsync/tui/internal/parser/parser.go:123.61,125.39 2 1
skillsync/tui/internal/parser/parser.go:125.39,127.4 1 1
skillsync/tui/internal/parser/parser.go:130.2,134.16 5 1
skillsync/tui/internal/parser/parser.go:134.16,136.3 1 0
skillsync/tui/internal/parser/parser.go:139.2,140.43 2 1
skillsync/tui/internal/parser/parser.go:140.43,142.3 1 1
skillsync/tui/internal/parser/parser.go:143.2,143.45 1 1
skillsync/tui/internal/parser/parser.go:143.45,144.43 1 1
skillsync/tui/internal/parser/parser.go:144.43,146.4 1 0
skillsync/tui/internal/parser/parser.go:146.9,148.4 1 1
skillsync/tui/internal/parser/parser.go:151.2,151.55 1 1
skillsync/tui/internal/parser/parser.go:156.50,158.16 2 1
skillsync/tui/internal/parser/parser.go:158.16,160.3 1 0
skillsync/tui/internal/parser/parser.go:163.2,164.74 2 1
skillsync/tui/internal/parser/parser.go:164.74,166.3 1 0
skillsync/tui/internal/parser/parser.go:167.2,167.33 1 1
skillsync/tui/internal/parser/parser.go:170.65,182.47 3 1
skillsync/tui/internal/parser/parser.go:182.47,184.33 2 1
skillsync/tui/internal/parser/parser.go:184.33,188.4 3 1
skillsync/tui/internal/parser/parser.go:188.9,188.45 1 1
skillsync/tui/internal/parser/parser.go:188.45,192.4 3 1
skillsync/tui/internal/parser/parser.go:196.2,196.27 1 1
skillsync/tui/internal/parser/parser.go:196.27,201.3 1 1
skillsync/tui/internal/parser/parser.go:202.2,202.31 1 1
skillsync/tui/internal/parser/parser.go:202.31,207.3 1 1
skillsync/tui/internal/parser/parser.go:211.43,212.25 1 1
skillsync/tui/internal/parser/parser.go:213.14,214.13 1 1
skillsync/tui/internal/parser/parser.go:215.21,217.25 2 1
skillsync/tui/internal/parser/parser.go:217.25,218.31 1 1
skillsync/tui/internal/parser/parser.go:218.31,220.5 1 1
skillsync/tui/internal/parser/parser.go:222.3,222.35 1 1
skillsync/tui/internal/parser/parser.go:224.2,224.11 1 0
skillsync/tui/internal/ui/backend.go:49.59,53.2 1 1
skillsync/tui/internal/ui/backend.go:57.36,59.2 1 0
skillsync/tui/internal/ui/backend.go:63.42,65.2 1 0
skillsync/tui/internal/ui/backend.go:69.40,71.2 1 0
skillsync/tui/internal/ui/backend.go:73.69,75.2 1 1
skillsync/tui/internal/ui/backend.go:77.77,79.2 1 0
skillsync/tui/internal/ui/backend.go:81.65,83.2 1 1
skillsync/tui/internal/ui/backend.go:85.75,87.2 1 1
skillsync/tui/internal/ui/backend.go:89.68,91.2 1 0
skillsync/tui/internal/ui/backend.go:93.94,96.2 2 1
skillsync/tui/internal/ui/backend.go:98.54,100.2 1 0
skillsync/tui/internal/ui/backend.go:102.61,104.2 1 1
skillsync/tui/internal/ui/backend.go:106.69,108.2 1 0
skillsync/tui/internal/ui/backend.go:110.64,112.2 1 1
skillsync/tui/internal/ui/backend.go:114.92,116.2 1 1
skillsync/tui/internal/ui/backend.go:118.62,120.2 1 1
skillsync/tui/internal/ui/backend.go:122.55,123.26 1 1
skillsync/tui/internal/ui/backend.go:123.26,124.50 1 1
skillsync/tui/internal/ui/backend.go:124.50,126.4 1 0
skillsync/tui/internal/ui/backend.go:129.2,131.25 3 1
skillsync/tui/internal/ui/backend.go:131.25,134.3 1 1
skillsync/tui/internal/ui/backend.go:136.2,136.37 1 1
skillsync/tui/internal/ui/backend.go:136.37,138.52 2 1
skillsync/tui/internal/ui/backend.go:138.52,140.4 1 0
skillsync/tui/internal/ui/backend.go:142.3,142.109 1 1
skillsync/tui/internal/ui/backend.go:142.109,143.18 1 1
skillsync/tui/internal/ui/backend.go:143.18,145.5 1 0
skillsync/tui/internal/ui/backend.go:147.4,148.18 2 1
skillsync/tui/internal/ui/backend.go:148.18,150.5 1 0
skillsync/tui/internal/ui/backend.go:152.4,154.17 2 1
skillsync/tui/internal/ui/backend.go:154.17,156.5 1 1
skillsync/tui/internal/ui/backend.go:158.4,159.18 2 1
skillsync/tui/internal/ui/backend.go:159.18,161.5 1 0
skillsync/tui/internal/ui/backend.go:163.4,163.35 1 1
skillsync/tui/internal/ui/backend.go:163.35,165.5 1 0
skillsync/tui/internal/ui/backend.go:167.4,167.47 1 1
skillsync/tui/internal/ui/backend.go:168.18,170.4 1 0
skillsync/tui/internal/ui/backend.go:172.2,172.12 1 1
skillsync/tui/internal/ui/backend.go:175.48,177.50 2 1
skillsync/tui/internal/ui/backend.go:177.50,179.3 1 0
skillsync/tui/internal/ui/backend.go:180.2,183.16 3 1
skillsync/tui/internal/ui/backend.go:183.16,185.3 1 0
skillsync/tui/internal/ui/backend.go:186.2,189.16 3 1
skillsync/tui/internal/ui/backend.go:189.16,191.3 1 1
skillsync/tui/internal/ui/backend.go:193.2,193.37 1 1
skillsync/tui/internal/ui/backend.go:193.37,195.3 1 1
skillsync/tui/internal/ui/backend.go:197.2,198.37 2 1
skillsync/tui/internal/ui/backend.go:198.37,200.3 1 0
skillsync/tui/internal/ui/backend.go:202.2,202.48 1 1
skillsync/tui/internal/ui/backend.go:205.71,210.51 2 0
skillsync/tui/internal/ui/backend.go:210.51,212.3 1 0
skillsync/tui/internal/ui/backend.go:215.2,215.51 1 0
skillsync/tui/internal/ui/backend.go:215.51,218.3 1 0
skillsync/tui/internal/ui/backend.go:219.2,219.12 1 0
skillsync/tui/internal/ui/backend.go:222.46,233.30 3 1
skillsync/tui/internal/ui/backend.go:233.30,234.58 1 1
skillsync/tui/internal/ui/backend.go:234.58,236.4 1 1
skillsync/tui/internal/ui/backend.go:238.2,238.15 1 1
skillsync/tui/internal/ui/backend.go:241.48,243.2 1 1
skillsync/tui/internal/ui/backend.go:245.49,247.72 1 1
skillsync/tui/internal/ui/backend.go:247.73,249.3 0 0
skillsync/tui/internal/ui/backend.go:252.2,253.16 2 1
skillsync/tui/internal/ui/backend.go:253.16,255.3 1 0
skillsync/tui/internal/ui/backend.go:258.2,261.72 3 1
skillsync/tui/internal/ui/backend.go:261.72,263.3 1 1
skillsync/tui/internal/ui/backend.go:265.2,266.12 2 1
skillsync/tui/internal/ui/backend.go:269.76,272.88 3 1
skillsync/tui/internal/ui/backend.go:272.88,273.17 1 1
skillsync/tui/internal/ui/backend.go:273.17,275.4 1 1
skillsync/tui/internal/ui/backend.go:276.3,277.17 2 1
skillsync/tui/internal/ui/backend.go:277.17,279.4 1 0
skillsync/tui/internal/ui/backend.go:280.3,280.19 1 1
skillsync/tui/internal/ui/backend.go:280.19,282.48 2 1
skillsync/tui/internal/ui/backend.go:282.48,285.5 2 1
skillsync/tui/internal/ui/backend.go:287.3,287.13 1 1
skillsync/tui/internal/ui/backend.go:289.2,289.39 1 1
skillsync/tui/internal/ui/backend.go:289.39,291.3 1 0
skillsync/tui/internal/ui/backend.go:293.2,294.31 2 1
skillsync/tui/internal/ui/backend.go:294.31,296.17 2 1
skillsync/tui/internal/ui/backend.go:296.17,297.12 1 0
skillsync/tui/internal/ui/backend.go:299.3,299.34 1 1
skillsync/tui/internal/ui/backend.go:301.2,301.20 1 1
skillsync/tui/internal/ui/backend.go:304.65,306.2 1 1
skillsync/tui/internal/ui/backend.go:308.56,316.2 1 1
skillsync/tui/internal/ui/backend.go:318.53,324.16 3 1
skillsync/tui/internal/ui/backend.go:324.16,326.3 1 0
skillsync/tui/internal/ui/backend.go:329.2,333.12 4 1
skillsync/tui/internal/ui/backend.go:336.53,337.16 1 1
skillsync/tui/internal/ui/backend.go:337.16,339.3 1 1
skillsync/tui/internal/ui/backend.go:340.2,341.55 2 1
skillsync/tui/internal/ui/backend.go:341.55,344.3 2 1
skillsync/tui/internal/ui/backend.go:345.2,345.12 1 0
skillsync/tui/internal/ui/delete_model.go:29.67,33.2 1 1
skillsync/tui/internal/ui/delete_model.go:36.44,38.2 1 1
skillsync/tui/internal/ui/delete_model.go:41.79,42.27 1 1
skillsync/tui/internal/ui/delete_model.go:43.18,44.23 1 1
skillsync/tui/internal/ui/delete_model.go:45.17,48.27 3 1
skillsync/tui/internal/ui/delete_model.go:49.24,50.17 1 1
skillsync/tui/internal/ui/delete_model.go:52.30,54.21 2 1
skillsync/tui/internal/ui/delete_model.go:54.21,56.4 1 1
skillsync/tui/internal/ui/delete_model.go:56.9,58.4 1 1
skillsync/tui/internal/ui/delete_model.go:60.2,60.15 1 1
skillsync/tui/internal/ui/delete_model.go:65.49,66.24 1 1
skillsync/tui/internal/ui/delete_model.go:66.24,70.3 3 0
skillsync/tui/internal/ui/delete_model.go:74.43,75.16 1 1
skillsync/tui/internal/ui/delete_model.go:75.16,77.3 1 1
skillsync/tui/internal/ui/delete_model.go:78.2,78.18 1 1
skillsync/tui/internal/ui/delete_model.go:78.18,80.3 1 1
skillsync/tui/internal/ui/delete_model.go:81.2,81.15 1 1
skillsync/tui/internal/ui/delete_model.go:81.15,83.3 1 1
skillsync/tui/internal/ui/delete_model.go:84.2,84.84 1 1
skillsync/tui/internal/ui/ecosystem.go:28.39,29.24 1 0
skillsync/tui/internal/ui/ecosystem.go:29.24,30.29 1 0
skillsync/tui/internal/ui/ecosystem.go:30.29,31.56 1 0
skillsync/tui/internal/ui/ecosystem.go:31.56,33.5 1 0
skillsync/tui/internal/ui/ecosystem.go:36.3,36.91 1 0
skillsync/tui/internal/ui/ecosystem.go:46.65,47.24 1 1
skillsync/tui/internal/ui/ecosystem.go:47.24,51.25 2 1
skillsync/tui/internal/ui/ecosystem.go:52.12,55.44 2 0
skillsync/tui/internal/ui/ecosystem.go:55.44,56.10 1 0
skillsync/tui/internal/ui/ecosystem.go:56.10,58.6 1 0
skillsync/tui/internal/ui/ecosystem.go:60.4,60.80 1 0
skillsync/tui/internal/ui/ecosystem.go:62.12,65.47 2 0
skillsync/tui/internal/ui/ecosystem.go:65.47,66.16 1 0
skillsync/tui/internal/ui/ecosystem.go:66.16,68.59 2 0
skillsync/tui/internal/ui/ecosystem.go:68.59,70.7 1 0
skillsync/tui/internal/ui/ecosystem.go:73.4,73.96 1 0
skillsync/tui/internal/ui/ecosystem.go:75.12,77.53 1 1
skillsync/tui/internal/ui/ecosystem.go:77.53,78.43 1 1
skillsync/tui/internal/ui/ecosystem.go:78.43,81.20 3 1
skillsync/tui/internal/ui/ecosystem.go:81.20,83.15 1 0
skillsync/tui/internal/ui/ecosystem.go:87.6,87.68 1 1
skillsync/tui/internal/ui/ecosystem.go:87.68,89.15 1 1
skillsync/tui/internal/ui/ecosystem.go:92.6,93.55 2 1
skillsync/tui/internal/ui/ecosystem.go:93.55,94.15 1 0
skillsync/tui/internal/ui/ecosystem.go:96.6,96.100 1 1
skillsync/tui/internal/ui/ecosystem.go:96.100,97.15 1 0
skillsync/tui/internal/ui/ecosystem.go:101.4,101.92 1 1
skillsync/tui/internal/ui/ecosystem.go:103.12,105.30 1 1
skillsync/tui/internal/ui/ecosystem.go:105.30,107.21 2 1
skillsync/tui/internal/ui/ecosystem.go:107.21,109.6 1 0
skillsync/tui/internal/ui/ecosystem.go:111.4,111.87 1 1
skillsync/tui/internal/ui/ecosystem.go:113.12,115.63 1 1
skillsync/tui/internal/ui/ecosystem.go:115.63,117.5 1 0
skillsync/tui/internal/ui/ecosystem.go:120.4,121.22 2 1
skillsync/tui/internal/ui/ecosystem.go:121.22,123.5 1 0
skillsync/tui/internal/ui/ecosystem.go:124.4,124.70 1 1
skillsync/tui/internal/ui/ecosystem.go:124.70,126.5 1 1
skillsync/tui/internal/ui/ecosystem.go:128.4,131.32 3 1
skillsync/tui/internal/ui/ecosystem.go:131.32,133.5 1 1
skillsync/tui/internal/ui/ecosystem.go:134.4,134.32 1 1
skillsync/tui/internal/ui/ecosystem.go:134.32,136.5 1 0
skillsync/tui/internal/ui/ecosystem.go:137.4,137.32 1 1
skillsync/tui/internal/ui/ecosystem.go:137.32,139.5 1 1
skillsync/tui/internal/ui/ecosystem.go:140.4,140.32 1 1
skillsync/tui/internal/ui/ecosystem.go:140.32,143.5 2 0
skillsync/tui/internal/ui/ecosystem.go:144.4,144.32 1 1
skillsync/tui/internal/ui/ecosystem.go:144.32,148.5 3 1
skillsync/tui/internal/ui/ecosystem.go:150.4,150.26 1 1
skillsync/tui/internal/ui/ecosystem.go:150.26,153.5 1 1
skillsync/tui/internal/ui/ecosystem.go:155.4,155.24 1 1
skillsync/tui/internal/ui/ecosystem.go:155.24,158.5 2 1
skillsync/tui/internal/ui/ecosystem.go:160.4,160.78 1 1
skillsync/tui/internal/ui/ecosystem.go:162.12,163.41 1 0
skillsync/tui/internal/ui/ecosystem.go:166.3,166.13 1 0
skillsync/tui/internal/ui/ecosystem.go:170.75,171.24 1 1
skillsync/tui/internal/ui/ecosystem.go:171.24,174.29 2 1
skillsync/tui/internal/ui/ecosystem.go:174.29,175.55 1 1
skillsync/tui/internal/ui/ecosystem.go:175.55,177.5 1 0
skillsync/tui/internal/ui/ecosystem.go:180.3,180.58 1 1
skillsync/tui/internal/ui/ecosystem.go:180.58,182.4 1 0
skillsync/tui/internal/ui/ecosystem.go:184.3,185.21 2 1
skillsync/tui/internal/ui/ecosystem.go:185.21,187.4 1 1
skillsync/tui/internal/ui/ecosystem.go:188.3,188.69 1 1
skillsync/tui/internal/ui/ecosystem.go:188.69,190.4 1 1
skillsync/tui/internal/ui/ecosystem.go:193.3,194.49 2 1
skillsync/tui/internal/ui/ecosystem.go:194.49,195.58 1 1
skillsync/tui/internal/ui/ecosystem.go:195.58,197.5 1 0
skillsync/tui/internal/ui/ecosystem.go:198.4,198.62 1 1
skillsync/tui/internal/ui/ecosystem.go:198.62,200.5 1 0
skillsync/tui/internal/ui/ecosystem.go:203.3,203.21 1 1
skillsync/tui/internal/ui/ecosystem.go:203.21,205.4 1 1
skillsync/tui/internal/ui/ecosystem.go:207.3,207.32 1 1
skillsync/tui/internal/ui/installer_model.go:28.76,36.2 1 1
skillsync/tui/internal/ui/installer_model.go:38.40,40.2 1 0
skillsync/tui/internal/ui/installer_model.go:42.66,43.27 1 1
skillsync/tui/internal/ui/installer_model.go:44.18,45.23 1 1
skillsync/tui/internal/ui/installer_model.go:46.18,47.20 1 1
skillsync/tui/internal/ui/installer_model.go:47.20,49.5 1 1
skillsync/tui/internal/ui/installer_model.go:50.20,51.38 1 1
skillsync/tui/internal/ui/installer_model.go:51.38,53.5 1 1
skillsync/tui/internal/ui/installer_model.go:54.17,55.20 1 1
skillsync/tui/internal/ui/installer_model.go:56.30,57.43 1 1
skillsync/tui/internal/ui/installer_model.go:57.43,58.51 1 0
skillsync/tui/internal/ui/installer_model.go:58.51,59.31 1 0
skillsync/tui/internal/ui/installer_model.go:59.31,63.7 1 0
skillsync/tui/internal/ui/installer_model.go:64.11,64.83 1 0
skillsync/tui/internal/ui/installer_model.go:64.83,67.6 2 0
skillsync/tui/internal/ui/installer_model.go:68.5,68.18 1 0
skillsync/tui/internal/ui/installer_model.go:71.4,72.37 2 1
skillsync/tui/internal/ui/installer_model.go:72.37,74.5 1 1
skillsync/tui/internal/ui/installer_model.go:74.10,74.44 1 1
skillsync/tui/internal/ui/installer_model.go:74.44,76.5 1 0
skillsync/tui/internal/ui/installer_model.go:76.10,76.28 1 1
skillsync/tui/internal/ui/installer_model.go:76.28,78.5 1 1
skillsync/tui/internal/ui/installer_model.go:78.10,78.58 1 1
skillsync/tui/internal/ui/installer_model.go:78.58,80.34 2 0
skillsync/tui/internal/ui/installer_model.go:80.34,82.6 1 0
skillsync/tui/internal/ui/installer_model.go:83.10,83.42 1 1
skillsync/tui/internal/ui/installer_model.go:83.42,85.5 1 0
skillsync/tui/internal/ui/installer_model.go:85.10,85.70 1 1
skillsync/tui/internal/ui/installer_model.go:85.70,86.21 1 1
skillsync/tui/internal/ui/installer_model.go:86.21,89.6 2 1
skillsync/tui/internal/ui/installer_model.go:90.5,90.30 1 0
skillsync/tui/internal/ui/installer_model.go:90.30,94.6 1 0
skillsync/tui/internal/ui/installer_model.go:96.34,97.43 1 1
skillsync/tui/internal/ui/installer_model.go:97.43,98.51 1 1
skillsync/tui/internal/ui/installer_model.go:98.51,99.31 1 1
skillsync/tui/internal/ui/installer_model.go:99.31,103.7 1 0
skillsync/tui/internal/ui/installer_model.go:105.5,106.18 2 0
skillsync/tui/internal/ui/installer_model.go:110.2,110.15 1 1
skillsync/tui/internal/ui/installer_model.go:117.39,118.41 1 1
skillsync/tui/internal/ui/installer_model.go:118.41,120.3 1 0
skillsync/tui/internal/ui/installer_model.go:122.2,127.19 4 1
skillsync/tui/internal/ui/installer_model.go:127.19,129.3 1 1
skillsync/tui/internal/ui/installer_model.go:129.8,131.3 1 0
skillsync/tui/internal/ui/installer_model.go:133.2,136.59 3 1
skillsync/tui/internal/ui/installer_model.go:139.56,154.2 4 0
skillsync/tui/internal/ui/installer_model.go:156.77,164.2 2 1
skillsync/tui/internal/ui/installer_model.go:166.46,176.12 7 1
skillsync/tui/internal/ui/installer_model.go:176.12,179.3 2 1
skillsync/tui/internal/ui/installer_model.go:180.2,186.30 5 1
skillsync/tui/internal/ui/installer_model.go:186.30,188.20 2 1
skillsync/tui/internal/ui/installer_model.go:188.20,190.4 1 1
skillsync/tui/internal/ui/installer_model.go:191.3,192.21 2 1
skillsync/tui/internal/ui/installer_model.go:192.21,194.4 1 1
skillsync/tui/internal/ui/installer_model.go:195.3,197.30 2 1
skillsync/tui/internal/ui/installer_model.go:197.30,199.4 1 0
skillsync/tui/internal/ui/installer_model.go:201.2,206.28 4 1
skillsync/tui/internal/ui/installer_model.go:206.28,208.22 2 1
skillsync/tui/internal/ui/installer_model.go:208.22,210.4 1 0
skillsync/tui/internal/ui/installer_model.go:211.3,212.18 2 1
skillsync/tui/internal/ui/installer_model.go:212.18,214.4 1 1
skillsync/tui/internal/ui/installer_model.go:215.3,215.60 1 1
skillsync/tui/internal/ui/installer_model.go:217.2,221.19 3 1
skillsync/tui/internal/ui/installer_model.go:221.19,223.3 1 0
skillsync/tui/internal/ui/installer_model.go:224.2,225.18 2 1
skillsync/tui/internal/ui/installer_model.go:225.18,227.3 1 0
skillsync/tui/internal/ui/installer_model.go:228.2,229.19 2 1
skillsync/tui/internal/ui/installer_model.go:229.19,231.3 1 0
skillsync/tui/internal/ui/installer_model.go:232.2,236.33 3 1
skillsync/tui/internal/ui/installer_model.go:236.33,238.22 2 0
skillsync/tui/internal/ui/installer_model.go:238.22,240.4 1 0
skillsync/tui/internal/ui/installer_model.go:241.3,242.51 2 0
skillsync/tui/internal/ui/installer_model.go:242.51,244.4 1 0
skillsync/tui/internal/ui/installer_model.go:245.3,245.80 1 0
skillsync/tui/internal/ui/installer_model.go:247.2,254.33 5 1
skillsync/tui/internal/ui/installer_model.go:254.33,256.3 1 0
skillsync/tui/internal/ui/installer_model.go:257.2,258.14 2 1
skillsync/tui/internal/ui/installer_model.go:258.14,260.3 1 1
skillsync/tui/internal/ui/installer_model.go:261.2,264.33 3 1
skillsync/tui/internal/ui/installer_model.go:264.33,266.3 1 0
skillsync/tui/internal/ui/installer_model.go:267.2,276.3 2 1
skillsync/tui/internal/ui/installer_model.go:279.46,286.20 4 1
skillsync/tui/internal/ui/installer_model.go:286.20,288.3 1 1
skillsync/tui/internal/ui/installer_model.go:289.2,289.20 1 1
skillsync/tui/internal/ui/installer_model.go:289.20,291.3 1 0
skillsync/tui/internal/ui/installer_model.go:292.2,292.20 1 1
skillsync/tui/internal/ui/installer_model.go:292.20,294.3 1 1
skillsync/tui/internal/ui/installer_model.go:295.2,295.20 1 1
skillsync/tui/internal/ui/installer_model.go:295.20,297.3 1 0
skillsync/tui/internal/ui/installer_model.go:298.2,298.20 1 1
skillsync/tui/internal/ui/installer_model.go:298.20,300.3 1 1
skillsync/tui/internal/ui/installer_model.go:301.2,305.17 3 1
skillsync/tui/internal/ui/installer_model.go:305.17,307.3 1 1
skillsync/tui/internal/ui/installer_model.go:308.2,308.17 1 1
skillsync/tui/internal/ui/installer_model.go:308.17,310.3 1 1
skillsync/tui/internal/ui/installer_model.go:311.2,311.17 1 1
skillsync/tui/internal/ui/installer_model.go:311.17,313.3 1 1
skillsync/tui/internal/ui/installer_model.go:314.2,318.20 3 1
skillsync/tui/internal/ui/installer_model.go:318.20,320.3 1 1
skillsync/tui/internal/ui/installer_model.go:321.2,321.20 1 1
skillsync/tui/internal/ui/installer_model.go:321.20,323.3 1 0
skillsync/tui/internal/ui/installer_model.go:324.2,324.20 1 1
skillsync/tui/internal/ui/installer_model.go:324.20,326.3 1 0
skillsync/tui/internal/ui/installer_model.go:327.2,327.20 1 1
skillsync/tui/internal/ui/installer_model.go:327.20,329.3 1 1
skillsync/tui/internal/ui/installer_model.go:330.2,332.14 2 1
skillsync/tui/internal/ui/installer_model.go:332.14,335.3 2 1
skillsync/tui/internal/ui/installer_model.go:337.2,337.18 1 1
skillsync/tui/internal/ui/installer_model.go:337.18,340.3 2 0
skillsync/tui/internal/ui/installer_model.go:342.2,342.66 1 1
skillsync/tui/internal/ui/list_model.go:31.66,47.2 7 1
skillsync/tui/internal/ui/list_model.go:49.35,51.2 1 1
skillsync/tui/internal/ui/list_model.go:53.61,56.27 2 1
skillsync/tui/internal/ui/list_model.go:57.23,60.25 3 1
skillsync/tui/internal/ui/list_model.go:60.25,61.21 1 1
skillsync/tui/internal/ui/list_model.go:61.21,64.5 2 1
skillsync/tui/internal/ui/list_model.go:66.3,68.16 3 1
skillsync/tui/internal/ui/list_model.go:70.25,72.16 2 0
skillsync/tui/internal/ui/list_model.go:74.18,75.22 1 1
skillsync/tui/internal/ui/list_model.go:75.22,76.24 1 1
skillsync/tui/internal/ui/list_model.go:77.22,80.18 3 1
skillsync/tui/internal/ui/list_model.go:83.4,86.17 4 1
skillsync/tui/internal/ui/list_model.go:89.3,89.23 1 1
skillsync/tui/internal/ui/list_model.go:90.14,92.35 2 1
skillsync/tui/internal/ui/list_model.go:93.21,94.49 1 1
skillsync/tui/internal/ui/list_model.go:94.49,99.5 2 1
skillsync/tui/internal/ui/list_model.go:100.25,103.17 3 1
skillsync/tui/internal/ui/list_model.go:106.3,107.48 2 1
skillsync/tui/internal/ui/list_model.go:107.48,108.38 1 1
skillsync/tui/internal/ui/list_model.go:108.38,110.5 1 1
skillsync/tui/internal/ui/list_model.go:112.3,112.16 1 1
skillsync/tui/internal/ui/list_model.go:117.2,118.15 2 0
skillsync/tui/internal/ui/list_model.go:125.34,130.21 4 1
skillsync/tui/internal/ui/list_model.go:130.21,132.3 1 0
skillsync/tui/internal/ui/list_model.go:132.8,134.3 1 1
skillsync/tui/internal/ui/list_model.go:136.2,142.59 5 1
skillsync/tui/internal/ui/list_model.go:145.48,146.17 1 1
skillsync/tui/internal/ui/list_model.go:146.17,149.3 2 1
skillsync/tui/internal/ui/list_model.go:150.2,152.33 3 1
skillsync/tui/internal/ui/list_model.go:152.33,153.31 1 1
skillsync/tui/internal/ui/list_model.go:153.31,154.63 1 1
skillsync/tui/internal/ui/list_model.go:154.63,156.5 1 1
skillsync/tui/internal/ui/list_model.go:159.2,159.27 1 1
skillsync/tui/internal/ui/list_model.go:162.37,163.47 1 1
skillsync/tui/internal/ui/list_model.go:163.47,168.17 4 1
skillsync/tui/internal/ui/list_model.go:168.17,170.4 1 1
skillsync/tui/internal/ui/list_model.go:171.3,172.18 2 1
skillsync/tui/internal/ui/list_model.go:172.18,174.4 1 1
skillsync/tui/internal/ui/list_model.go:176.3,180.23 3 1
skillsync/tui/internal/ui/list_model.go:180.23,182.4 1 1
skillsync/tui/internal/ui/list_model.go:184.3,187.24 3 1
skillsync/tui/internal/ui/list_model.go:187.24,189.4 1 1
skillsync/tui/internal/ui/list_model.go:191.3,194.17 3 1
skillsync/tui/internal/ui/list_model.go:194.17,196.4 1 1
skillsync/tui/internal/ui/list_model.go:197.3,197.33 1 1
skillsync/tui/internal/ui/list_model.go:201.60,202.16 1 1
skillsync/tui/internal/ui/list_model.go:202.16,204.3 1 1
skillsync/tui/internal/ui/list_model.go:205.2,209.16 2 1
skillsync/tui/internal/ui/list_model.go:209.16,211.3 1 0
skillsync/tui/internal/ui/list_model.go:212.2,213.12 2 1
skillsync/tui/internal/ui/list_model.go:216.67,217.23 1 1
skillsync/tui/internal/ui/list_model.go:217.23,219.3 1 0
skillsync/tui/internal/ui/list_model.go:220.2,220.35 1 1
skillsync/tui/internal/ui/model.go:84.37,86.2 1 0
skillsync/tui/internal/ui/model.go:87.43,89.2 1 0
skillsync/tui/internal/ui/model.go:90.43,90.81 1 0
skillsync/tui/internal/ui/model.go:96.37,96.62 1 1
skillsync/tui/internal/ui/model.go:97.43,98.35 1 1
skillsync/tui/internal/ui/model.go:98.35,100.3 1 1
skillsync/tui/internal/ui/model.go:101.2,101.89 1 1
skillsync/tui/internal/ui/model.go:103.43,103.68 1 0
skillsync/tui/internal/ui/model.go:105.30,106.36 1 1
skillsync/tui/internal/ui/model.go:106.36,108.3 1 1
skillsync/tui/internal/ui/model.go:110.2,114.35 4 1
skillsync/tui/internal/ui/model.go:114.35,115.18 1 1
skillsync/tui/internal/ui/model.go:116.76,118.9 2 1
skillsync/tui/internal/ui/model.go:120.3,120.17 1 1
skillsync/tui/internal/ui/model.go:120.17,121.9 1 1
skillsync/tui/internal/ui/model.go:125.2,125.16 1 1
skillsync/tui/internal/ui/model.go:125.16,127.3 1 1
skillsync/tui/internal/ui/model.go:128.2,128.49 1 1
skillsync/tui/internal/ui/model.go:130.36,130.75 1 1
skillsync/tui/internal/ui/model.go:131.36,131.59 1 1
skillsync/tui/internal/ui/model.go:133.41,152.2 5 1
skillsync/tui/internal/ui/model.go:154.46,155.18 1 1
skillsync/tui/internal/ui/model.go:156.18,161.4 1 1
skillsync/tui/internal/ui/model.go:162.18,170.4 1 1
skillsync/tui/internal/ui/model.go:171.20,176.4 1 1
skillsync/tui/internal/ui/model.go:177.25,182.4 1 1
skillsync/tui/internal/ui/model.go:183.23,189.4 1 1
skillsync/tui/internal/ui/model.go:190.21,196.4 1 1
skillsync/tui/internal/ui/model.go:197.22,201.4 1 1
skillsync/tui/internal/ui/model.go:202.27,206.4 1 1
skillsync/tui/internal/ui/model.go:207.10,210.4 1 0
skillsync/tui/internal/ui/model.go:214.31,216.2 1 1
skillsync/tui/internal/ui/model.go:219.36,220.14 1 1
skillsync/tui/internal/ui/model.go:221.52,222.14 1 1
skillsync/tui/internal/ui/model.go:224.2,224.14 1 1
skillsync/tui/internal/ui/model.go:228.38,230.2 1 0
skillsync/tui/internal/ui/regenerate.go:19.47,24.16 3 1
skillsync/tui/internal/ui/regenerate.go:24.16,26.3 1 0
skillsync/tui/internal/ui/regenerate.go:27.2,27.19 1 1
skillsync/tui/internal/ui/regenerate.go:27.19,29.3 1 1
skillsync/tui/internal/ui/regenerate.go:32.2,32.81 1 1
skillsync/tui/internal/ui/regenerate.go:32.81,34.3 1 1
skillsync/tui/internal/ui/regenerate.go:37.2,37.84 1 1
skillsync/tui/internal/ui/regenerate.go:37.84,39.3 1 0
skillsync/tui/internal/ui/regenerate.go:42.2,64.76 9 1
skillsync/tui/internal/ui/regenerate.go:64.76,66.3 1 0
skillsync/tui/internal/ui/regenerate.go:69.2,69.76 1 1
skillsync/tui/internal/ui/regenerate.go:69.76,71.3 1 0
skillsync/tui/internal/ui/regenerate.go:74.2,74.55 1 1
skillsync/tui/internal/ui/regenerate.go:74.55,76.3 1 0
skillsync/tui/internal/ui/regenerate.go:79.2,79.79 1 1
skillsync/tui/internal/ui/regenerate.go:79.79,81.3 1 0
skillsync/tui/internal/ui/regenerate.go:83.2,83.19 1 1
skillsync/tui/internal/ui/regenerate.go:83.19,85.3 1 1
skillsync/tui/internal/ui/regenerate.go:86.2,86.12 1 1
skillsync/tui/internal/ui/regenerate.go:91.61,94.88 3 1
skillsync/tui/internal/ui/regenerate.go:94.88,95.17 1 1
skillsync/tui/internal/ui/regenerate.go:95.17,97.4 1 1
skillsync/tui/internal/ui/regenerate.go:98.3,99.17 2 1
skillsync/tui/internal/ui/regenerate.go:99.17,101.4 1 0
skillsync/tui/internal/ui/regenerate.go:102.3,102.19 1 1
skillsync/tui/internal/ui/regenerate.go:102.19,104.48 2 1
skillsync/tui/internal/ui/regenerate.go:104.48,107.5 2 1
skillsync/tui/internal/ui/regenerate.go:109.3,109.13 1 1
skillsync/tui/internal/ui/regenerate.go:111.2,111.39 1 1
skillsync/tui/internal/ui/regenerate.go:111.39,113.3 1 0
skillsync/tui/internal/ui/regenerate.go:115.2,116.31 2 1
skillsync/tui/internal/ui/regenerate.go:116.31,118.17 2 1
skillsync/tui/internal/ui/regenerate.go:118.17,119.12 1 0
skillsync/tui/internal/ui/regenerate.go:121.3,121.34 1 1
skillsync/tui/internal/ui/regenerate.go:123.2,123.15 1 1
skillsync/tui/internal/ui/run.go:11.18,15.35 4 0
skillsync/tui/internal/ui/run.go:15.35,17.3 1 0
skillsync/tui/internal/ui/run.go:18.2,18.12 1 0
skillsync/tui/internal/ui/update.go:37.37,38.24 1 1
skillsync/tui/internal/ui/update.go:38.24,40.17 2 1
skillsync/tui/internal/ui/update.go:40.17,42.4 1 0
skillsync/tui/internal/ui/update.go:44.3,45.27 2 1
skillsync/tui/internal/ui/update.go:45.27,47.18 2 1
skillsync/tui/internal/ui/update.go:47.18,49.5 1 1
skillsync/tui/internal/ui/update.go:53.3,54.48 2 1
skillsync/tui/internal/ui/update.go:54.48,56.18 2 1
skillsync/tui/internal/ui/update.go:56.18,65.5 2 1
skillsync/tui/internal/ui/update.go:68.3,68.33 1 1
skillsync/tui/internal/ui/update.go:72.57,75.27 2 1
skillsync/tui/internal/ui/update.go:76.20,77.21 1 1
skillsync/tui/internal/ui/update.go:77.21,79.4 1 0
skillsync/tui/internal/ui/update.go:79.9,81.4 1 1
skillsync/tui/internal/ui/update.go:82.3,82.16 1 1
skillsync/tui/internal/ui/update.go:83.23,86.16 3 1
skillsync/tui/internal/ui/update.go:88.25,108.16 15 1
skillsync/tui/internal/ui/update.go:110.18,111.31 1 1
skillsync/tui/internal/ui/update.go:113.22,118.16 5 0
skillsync/tui/internal/ui/update.go:120.22,125.31 5 0
skillsync/tui/internal/ui/update.go:127.25,130.24 3 1
skillsync/tui/internal/ui/update.go:130.24,132.4 1 1
skillsync/tui/internal/ui/update.go:132.9,139.4 4 1
skillsync/tui/internal/ui/update.go:140.3,140.16 1 1
skillsync/tui/internal/ui/update.go:142.28,145.62 3 0
skillsync/tui/internal/ui/update.go:147.25,150.16 3 0
skillsync/tui/internal/ui/update.go:152.28,153.21 1 1
skillsync/tui/internal/ui/update.go:153.21,158.4 4 1
skillsync/tui/internal/ui/update.go:159.3,161.27 3 1
skillsync/tui/internal/ui/update.go:163.29,166.25 3 1
skillsync/tui/internal/ui/update.go:166.25,168.4 1 1
skillsync/tui/internal/ui/update.go:169.3,170.34 2 1
skillsync/tui/internal/ui/update.go:170.34,173.4 2 0
skillsync/tui/internal/ui/update.go:174.3,174.16 1 1
skillsync/tui/internal/ui/update.go:176.25,178.25 2 1
skillsync/tui/internal/ui/update.go:178.25,180.4 1 1
skillsync/tui/internal/ui/update.go:181.3,182.16 2 1
skillsync/tui/internal/ui/update.go:184.17,186.29 2 1
skillsync/tui/internal/ui/update.go:186.29,189.4 2 1
skillsync/tui/internal/ui/update.go:190.3,190.16 1 0
skillsync/tui/internal/ui/update.go:192.16,194.16 2 0
skillsync/tui/internal/ui/update.go:196.21,200.21 4 1
skillsync/tui/internal/ui/update.go:200.21,202.4 1 1
skillsync/tui/internal/ui/update.go:203.3,203.16 1 1
skillsync/tui/internal/ui/update.go:205.23,206.21 1 0
skillsync/tui/internal/ui/update.go:206.21,208.4 1 0
skillsync/tui/internal/ui/update.go:208.9,210.4 1 0
skillsync/tui/internal/ui/update.go:211.3,211.16 1 0
skillsync/tui/internal/ui/update.go:213.30,216.30 3 0
skillsync/tui/internal/ui/update.go:216.30,221.4 4 0
skillsync/tui/internal/ui/update.go:223.3,223.16 1 0
skillsync/tui/internal/ui/update.go:226.2,226.37 1 0
skillsync/tui/internal/ui/update.go:229.68,232.21 2 1
skillsync/tui/internal/ui/update.go:232.21,234.3 1 0
skillsync/tui/internal/ui/update.go:236.2,236.18 1 1
skillsync/tui/internal/ui/update.go:237.18,238.31 1 1
skillsync/tui/internal/ui/update.go:239.18,240.31 1 1
skillsync/tui/internal/ui/update.go:241.20,242.33 1 1
skillsync/tui/internal/ui/update.go:243.21,244.34 1 1
skillsync/tui/internal/ui/update.go:245.25,246.38 1 1
skillsync/tui/internal/ui/update.go:247.23,248.36 1 1
skillsync/tui/internal/ui/update.go:249.21,250.34 1 1
skillsync/tui/internal/ui/update.go:251.22,252.35 1 1
skillsync/tui/internal/ui/update.go:253.27,254.40 1 0
skillsync/tui/internal/ui/update.go:257.2,257.15 1 0
skillsync/tui/internal/ui/update.go:260.68,261.22 1 1
skillsync/tui/internal/ui/update.go:262.17,263.23 1 0
skillsync/tui/internal/ui/update.go:263.23,265.4 1 0
skillsync/tui/internal/ui/update.go:266.19,267.23 1 0
skillsync/tui/internal/ui/update.go:267.23,269.4 1 0
skillsync/tui/internal/ui/update.go:270.20,271.24 1 1
skillsync/tui/internal/ui/update.go:271.24,277.4 5 1
skillsync/tui/internal/ui/update.go:277.9,277.31 1 1
skillsync/tui/internal/ui/update.go:277.31,280.4 2 0
skillsync/tui/internal/ui/update.go:280.9,280.31 1 1
skillsync/tui/internal/ui/update.go:280.31,283.4 2 0
skillsync/tui/internal/ui/update.go:283.9,283.31 1 1
skillsync/tui/internal/ui/update.go:283.31,286.4 2 1
skillsync/tui/internal/ui/update.go:286.9,286.31 1 1
skillsync/tui/internal/ui/update.go:286.31,289.4 2 1
skillsync/tui/internal/ui/update.go:290.11,296.36 6 0
skillsync/tui/internal/ui/update.go:297.11,300.27 3 0
skillsync/tui/internal/ui/update.go:301.11,304.36 3 1
skillsync/tui/internal/ui/update.go:305.11,308.32 3 1
skillsync/tui/internal/ui/update.go:309.11,312.32 3 0
skillsync/tui/internal/ui/update.go:313.18,314.21 1 0
skillsync/tui/internal/ui/update.go:316.2,316.15 1 0
skillsync/tui/internal/ui/update.go:319.42,320.24 1 1
skillsync/tui/internal/ui/update.go:320.24,323.3 2 0
skillsync/tui/internal/ui/update.go:326.68,331.28 3 1
skillsync/tui/internal/ui/update.go:331.28,333.3 1 1
skillsync/tui/internal/ui/update.go:335.2,335.26 1 1
skillsync/tui/internal/ui/update.go:335.26,337.3 1 1
skillsync/tui/internal/ui/update.go:339.2,339.22 1 1
skillsync/tui/internal/ui/update.go:340.20,341.29 1 1
skillsync/tui/internal/ui/update.go:341.29,349.4 7 1
skillsync/tui/internal/ui/update.go:350.11,351.29 1 1
skillsync/tui/internal/ui/update.go:351.29,356.4 4 1
skillsync/tui/internal/ui/update.go:357.11,362.26 5 1
skillsync/tui/internal/ui/update.go:363.11,364.33 1 1
skillsync/tui/internal/ui/update.go:365.11,366.29 1 1
skillsync/tui/internal/ui/update.go:366.29,368.80 2 1
skillsync/tui/internal/ui/update.go:368.80,373.5 4 1
skillsync/tui/internal/ui/update.go:375.13,377.16 2 1
skillsync/tui/internal/ui/update.go:380.2,380.15 1 1
skillsync/tui/internal/ui/update.go:383.70,386.22 2 1
skillsync/tui/internal/ui/update.go:387.13,389.16 2 1
skillsync/tui/internal/ui/update.go:390.16,391.17 1 1
skillsync/tui/internal/ui/update.go:391.17,393.4 1 1
skillsync/tui/internal/ui/update.go:394.3,398.26 5 1
skillsync/tui/internal/ui/update.go:399.13,400.28 1 1
skillsync/tui/internal/ui/update.go:400.28,403.4 2 1
skillsync/tui/internal/ui/update.go:403.9,403.35 1 1
skillsync/tui/internal/ui/update.go:403.35,406.4 2 1
skillsync/tui/internal/ui/update.go:406.9,409.4 2 0
skillsync/tui/internal/ui/update.go:410.3,410.16 1 1
skillsync/tui/internal/ui/update.go:411.15,412.28 1 1
skillsync/tui/internal/ui/update.go:412.28,414.9 1 1
skillsync/tui/internal/ui/update.go:417.3,417.16 1 0
skillsync/tui/internal/ui/update.go:420.2,420.16 1 1
skillsync/tui/internal/ui/update.go:420.16,422.3 1 0
skillsync/tui/internal/ui/update.go:424.2,425.26 2 1
skillsync/tui/internal/ui/update.go:425.26,426.28 1 1
skillsync/tui/internal/ui/update.go:426.28,428.9 2 1
skillsync/tui/internal/ui/update.go:431.2,431.15 1 1
skillsync/tui/internal/ui/update.go:434.71,435.27 1 1
skillsync/tui/internal/ui/update.go:435.27,436.19 1 1
skillsync/tui/internal/ui/update.go:436.19,439.4 2 1
skillsync/tui/internal/ui/update.go:440.3,441.16 2 1
skillsync/tui/internal/ui/update.go:443.2,443.15 1 0
skillsync/tui/internal/ui/update.go:446.75,447.22 1 1
skillsync/tui/internal/ui/update.go:448.13,450.16 2 1
skillsync/tui/internal/ui/update.go:451.11,452.24 1 1
skillsync/tui/internal/ui/update.go:452.24,457.4 4 1
skillsync/tui/internal/ui/update.go:458.48,461.16 3 1
skillsync/tui/internal/ui/update.go:464.2,468.52 3 1
skillsync/tui/internal/ui/update.go:468.52,470.3 1 1
skillsync/tui/internal/ui/update.go:472.2,472.15 1 1
skillsync/tui/internal/ui/update.go:475.73,476.50 1 1
skillsync/tui/internal/ui/update.go:476.50,479.3 2 0
skillsync/tui/internal/ui/update.go:481.2,483.15 3 1
skillsync/tui/internal/ui/update.go:486.72,488.18 2 0
skillsync/tui/internal/ui/update.go:489.37,492.16 3 0
skillsync/tui/internal/ui/update.go:493.20,494.27 1 0
skillsync/tui/internal/ui/update.go:494.27,496.4 1 0
skillsync/tui/internal/ui/update.go:497.21,499.49 1 0
skillsync/tui/internal/ui/update.go:500.22,501.49 1 0
skillsync/tui/internal/ui/update.go:503.2,503.15 1 0
skillsync/tui/internal/ui/update.go:506.72,507.22 1 1
skillsync/tui/internal/ui/update.go:508.18,511.16 3 1
skillsync/tui/internal/ui/update.go:512.11,514.32 2 1
skillsync/tui/internal/ui/update.go:517.2,519.15 3 0
skillsync/tui/internal/ui/update.go:522.42,523.24 1 1
skillsync/tui/internal/ui/update.go:523.24,526.48 2 0
skillsync/tui/internal/ui/update.go:526.48,528.4 1 0
skillsync/tui/internal/ui/update.go:529.3,529.59 1 0
skillsync/tui/internal/ui/update.go:529.59,531.4 1 0
skillsync/tui/internal/ui/update.go:534.3,535.17 2 0
skillsync/tui/internal/ui/update.go:535.17,537.4 1 0
skillsync/tui/internal/ui/update.go:540.3,540.27 1 0
skillsync/tui/internal/ui/update.go:540.27,542.4 1 0
skillsync/tui/internal/ui/update.go:545.3,545.31 1 0
skillsync/tui/internal/ui/update.go:549.31,562.23 5 1
skillsync/tui/internal/ui/update.go:562.23,564.3 1 1
skillsync/tui/internal/ui/update.go:566.2,572.23 7 1
skillsync/tui/internal/ui/update.go:572.23,574.3 1 1
skillsync/tui/internal/ui/update.go:575.2,575.17 1 1
skillsync/tui/internal/ui/update.go:575.17,577.3 1 1
skillsync/tui/internal/ui/update.go:578.2,586.23 8 1
skillsync/tui/internal/ui/update.go:586.23,588.3 1 1
skillsync/tui/internal/ui/update.go:589.2,597.23 8 1
skillsync/tui/internal/ui/update.go:597.23,599.3 1 1
skillsync/tui/internal/ui/update.go:600.2,600.17 1 1
skillsync/tui/internal/ui/update.go:603.36,604.24 1 1
skillsync/tui/internal/ui/update.go:604.24,615.3 5 1
skillsync/tui/internal/ui/update.go:618.36,619.23 1 1
skillsync/tui/internal/ui/update.go:619.23,621.3 1 0
skillsync/tui/internal/ui/update.go:622.2,626.24 4 1
skillsync/tui/internal/ui/update.go:626.24,629.19 2 0
skillsync/tui/internal/ui/update.go:629.19,629.106 1 0
skillsync/tui/internal/ui/update.go:635.46,636.24 1 1
skillsync/tui/internal/ui/update.go:636.24,639.3 2 1
skillsync/tui/internal/ui/update.go:642.42,643.24 1 1
skillsync/tui/internal/ui/update.go:643.24,646.3 2 1
skillsync/tui/internal/ui/update.go:649.43,651.19 2 1
skillsync/tui/internal/ui/update.go:651.19,652.53 1 0
skillsync/tui/internal/ui/update.go:652.53,654.4 1 0
skillsync/tui/internal/ui/update.go:657.2,657.19 1 1
skillsync/tui/internal/ui/update.go:657.19,659.3 1 0
skillsync/tui/internal/ui/update.go:662.2,674.24 4 1
skillsync/tui/internal/ui/update.go:674.24,677.3 2 0
skillsync/tui/internal/ui/update.go:680.71,681.22 1 1
skillsync/tui/internal/ui/update.go:682.13,685.16 3 1
skillsync/tui/internal/ui/update.go:686.11,687.64 1 1
skillsync/tui/internal/ui/update.go:687.64,693.4 5 1
skillsync/tui/internal/ui/update.go:694.11,695.64 1 1
skillsync/tui/internal/ui/update.go:695.64,697.26 2 1
skillsync/tui/internal/ui/update.go:697.26,702.5 4 1
skillsync/tui/internal/ui/update.go:706.2,708.15 3 0
skillsync/tui/internal/ui/update.go:711.77,716.89 3 0
skillsync/tui/internal/ui/update.go:716.89,718.74 1 0
skillsync/tui/internal/ui/update.go:718.74,722.4 3 0
skillsync/tui/internal/ui/update.go:725.2,725.15 1 0
skillsync/tui/internal/ui/update.go:728.81,729.24 1 1
skillsync/tui/internal/ui/update.go:729.24,732.17 2 1
skillsync/tui/internal/ui/update.go:732.17,737.4 1 0
skillsync/tui/internal/ui/update.go:741.3,742.17 2 1
skillsync/tui/internal/ui/update.go:742.17,747.4 1 1
skillsync/tui/internal/ui/update.go:750.3,750.23 1 1
skillsync/tui/internal/ui/update.go:750.23,752.4 1 1
skillsync/tui/internal/ui/update.go:755.3,756.53 2 1
skillsync/tui/internal/ui/update.go:756.53,761.4 1 0
skillsync/tui/internal/ui/update.go:763.3,764.72 2 1
skillsync/tui/internal/ui/update.go:764.72,769.4 1 0
skillsync/tui/internal/ui/update.go:772.3,772.25 1 1
skillsync/tui/internal/ui/update.go:776.44,778.2 1 1
skillsync/tui/internal/ui/view.go:9.30,11.18 1 1
skillsync/tui/internal/ui/view.go:11.18,15.3 1 0
skillsync/tui/internal/ui/view.go:17.2,19.18 2 1
skillsync/tui/internal/ui/view.go:21.18,23.25 1 1
skillsync/tui/internal/ui/view.go:25.18,27.26 1 1
skillsync/tui/internal/ui/view.go:29.20,31.27 1 1
skillsync/tui/internal/ui/view.go:33.21,35.28 1 1
skillsync/tui/internal/ui/view.go:37.25,39.28 1 1
skillsync/tui/internal/ui/view.go:41.23,43.31 1 1
skillsync/tui/internal/ui/view.go:45.21,47.28 1 0
skillsync/tui/internal/ui/view.go:49.22,51.29 1 1
skillsync/tui/internal/ui/view.go:53.27,55.34 1 1
skillsync/tui/internal/ui/view.go:59.2,59.31 1 1
skillsync/tui/internal/ui/view.go:59.31,61.3 1 1
skillsync/tui/internal/ui/view.go:63.2,63.42 1 1
skillsync/tui/internal/ui/view.go:66.38,72.29 3 1
skillsync/tui/internal/ui/view.go:72.29,76.26 2 1
skillsync/tui/internal/ui/view.go:76.26,80.4 1 1
skillsync/tui/internal/ui/view.go:84.2,84.35 1 1
skillsync/tui/internal/ui/view.go:88.34,102.27 4 1
skillsync/tui/internal/ui/view.go:102.27,106.24 2 1
skillsync/tui/internal/ui/view.go:106.24,110.4 1 1
skillsync/tui/internal/ui/view.go:112.3,112.45 1 1
skillsync/tui/internal/ui/view.go:116.2,116.23 1 1
skillsync/tui/internal/ui/view.go:116.23,120.3 1 0
skillsync/tui/internal/ui/view.go:122.2,122.30 1 1
skillsync/tui/internal/ui/view.go:126.35,128.2 1 0
skillsync/tui/internal/ui/view.go:130.36,132.23 1 1
skillsync/tui/internal/ui/view.go:132.23,136.3 1 0
skillsync/tui/internal/ui/view.go:138.2,144.26 4 1
skillsync/tui/internal/ui/view.go:144.26,150.28 3 1
skillsync/tui/internal/ui/view.go:150.28,154.4 1 1
skillsync/tui/internal/ui/view.go:156.3,158.75 2 1
skillsync/tui/internal/ui/view.go:162.2,162.10 1 1
skillsync/tui/internal/ui/view.go:166.37,168.22 2 1
skillsync/tui/internal/ui/view.go:169.37,170.34 1 1
skillsync/tui/internal/ui/view.go:171.21,172.36 1 1
skillsync/tui/internal/ui/view.go:173.10,174.41 1 1
skillsync/tui/internal/ui/view.go:176.2,179.18 3 1
skillsync/tui/internal/ui/view.go:179.18,181.3 1 1
skillsync/tui/internal/ui/view.go:183.2,184.20 2 1
skillsync/tui/internal/ui/view.go:184.20,185.26 1 1
skillsync/tui/internal/ui/view.go:185.26,188.48 3 1
skillsync/tui/internal/ui/view.go:188.48,190.5 1 1
skillsync/tui/internal/ui/view.go:191.9,191.26 1 1
skillsync/tui/internal/ui/view.go:191.26,195.4 3 1
skillsync/tui/internal/ui/view.go:198.2,203.36 4 1
skillsync/tui/internal/ui/view.go:203.36,205.3 1 1
skillsync/tui/internal/ui/view.go:205.8,207.3 1 1
skillsync/tui/internal/ui/view.go:209.2,209.10 1 1
skillsync/tui/internal/ui/view.go:212.37,214.23 1 1
skillsync/tui/internal/ui/view.go:214.23,218.3 1 0
skillsync/tui/internal/ui/view.go:220.2,222.49 2 1
skillsync/tui/internal/ui/view.go:226.37,228.30 2 0
skillsync/tui/internal/ui/view.go:228.30,230.3 1 0
skillsync/tui/internal/ui/view.go:231.2,231.50 1 0
skillsync/tui/internal/ui/view.go:234.38,236.37 2 1
skillsync/tui/internal/ui/view.go:236.37,238.3 1 1
skillsync/tui/internal/ui/view.go:239.2,239.50 1 1
skillsync/tui/internal/ui/view.go:242.43,246.2 3 1
